10:23:48.848 [main] DEBUG o.a.ibatis.logging.LogFactory 28 - Logging initialized using 'org.apache.ibatis.logging.slf4j.Slf4jImpl' adapter.
10:23:48.916 [main] DEBUG o.m.s.SqlSessionFactoryBean 28 - Property 'configLocation' not specified, using default MyBatis Configuration
10:23:48.983 [main] DEBUG o.a.ibatis.io.ResolverUtil 28 - Listing classes in file:/E:/spring/spring-deep-study/build/classes/com/model
10:23:48.984 [main] DEBUG o.a.ibatis.io.ResolverUtil 28 - Find JAR URL: file:/E:/spring/spring-deep-study/build/classes/com/model
10:23:48.984 [main] DEBUG o.a.ibatis.io.ResolverUtil 28 - Not a JAR: file:/E:/spring/spring-deep-study/build/classes/com/model
10:23:49.270 [main] DEBUG o.a.ibatis.io.ResolverUtil 28 - Reader entry: CloneAbleEntity.class
10:23:49.271 [main] DEBUG o.a.ibatis.io.ResolverUtil 28 - Reader entry: Ship.class
10:23:49.271 [main] DEBUG o.a.ibatis.io.ResolverUtil 28 - Reader entry: TbHandler.class
10:23:49.272 [main] DEBUG o.a.ibatis.io.ResolverUtil 28 - Reader entry: Test.class
10:23:49.272 [main] DEBUG o.a.ibatis.io.ResolverUtil 28 - Found class file: com/model/CloneAbleEntity.class
10:23:49.273 [main] DEBUG o.a.ibatis.io.ResolverUtil 28 - Found class file: com/model/Ship.class
10:23:49.273 [main] DEBUG o.a.ibatis.io.ResolverUtil 28 - Found class file: com/model/TbHandler.class
10:23:49.274 [main] DEBUG o.a.ibatis.io.ResolverUtil 28 - Found class file: com/model/Test.class
10:23:49.274 [main] DEBUG o.a.ibatis.io.ResolverUtil 28 - Checking to see if class com.model.CloneAbleEntity matches criteria [is assignable to Object]
10:23:49.275 [main] DEBUG o.a.ibatis.io.ResolverUtil 28 - Checking to see if class com.model.Ship matches criteria [is assignable to Object]
10:23:49.276 [main] DEBUG o.a.ibatis.io.ResolverUtil 28 - Checking to see if class com.model.TbHandler matches criteria [is assignable to Object]
10:23:49.276 [main] DEBUG o.a.ibatis.io.ResolverUtil 28 - Checking to see if class com.model.Test matches criteria [is assignable to Object]
10:23:49.278 [main] DEBUG o.m.s.SqlSessionFactoryBean 28 - Scanned package: 'com.model' for aliases
10:23:49.391 [main] DEBUG o.m.s.SqlSessionFactoryBean 28 - Parsed mapper file: 'file [E:\spring\spring-deep-study\build\classes\com\spring\mybatis\dao\mapper\ShipMapper.xml]'
10:23:49.492 [main] INFO  o.h.cfg.annotations.Version 15 - Hibernate Annotations 3.4.0.GA
10:23:49.506 [main] INFO  org.hibernate.cfg.Environment 560 - Hibernate 3.3.2.GA
10:23:49.508 [main] INFO  org.hibernate.cfg.Environment 593 - hibernate.properties not found
10:23:49.513 [main] INFO  org.hibernate.cfg.Environment 771 - Bytecode provider name : javassist
10:23:49.517 [main] INFO  org.hibernate.cfg.Environment 652 - using JDK 1.4 java.sql.Timestamp handling
10:23:49.570 [main] INFO  o.h.annotations.common.Version 14 - Hibernate Commons Annotations 3.1.0.GA
10:23:49.638 [main] DEBUG o.h.util.DTDEntityResolver 64 - trying to resolve system-id [http://hibernate.sourceforge.net/hibernate-mapping-3.0.dtd]
10:23:49.639 [main] DEBUG o.h.util.DTDEntityResolver 66 - recognized hibernate namespace; attempting to resolve on classpath under org/hibernate/
10:23:49.640 [main] DEBUG o.h.util.DTDEntityResolver 76 - located [http://hibernate.sourceforge.net/hibernate-mapping-3.0.dtd] in classpath
10:23:49.705 [main] DEBUG o.h.c.AnnotationConfiguration 258 - Execute first pass mapping processing
10:23:49.728 [main] DEBUG o.h.c.AnnotationConfiguration 529 - Process hbm files
10:23:49.742 [main] INFO  org.hibernate.cfg.HbmBinder 322 - Mapping class: com.spring.hibernate.entity.Ship -> tb_ship_cop
10:23:49.746 [main] DEBUG org.hibernate.cfg.HbmBinder 1289 - Mapped property: id -> id
10:23:49.753 [main] DEBUG org.hibernate.cfg.HbmBinder 1289 - Mapped property: name -> name
10:23:49.753 [main] DEBUG org.hibernate.cfg.HbmBinder 1289 - Mapped property: create -> createTime
10:23:49.754 [main] DEBUG o.h.c.AnnotationConfiguration 537 - Process annotated classes
10:23:49.754 [main] DEBUG o.h.c.AnnotationConfiguration 401 - processing fk mappings (*ToOne and JoinedSubclass)
10:23:49.754 [main] DEBUG o.hibernate.cfg.Configuration 1167 - processing extends queue
10:23:49.755 [main] DEBUG o.hibernate.cfg.Configuration 1171 - processing collection mappings
10:23:49.755 [main] DEBUG o.hibernate.cfg.Configuration 1182 - processing native query and ResultSetMapping mappings
10:23:49.755 [main] DEBUG o.hibernate.cfg.Configuration 1190 - processing association property references
10:23:49.755 [main] DEBUG o.hibernate.cfg.Configuration 1212 - processing foreign key constraints
10:23:49.759 [main] INFO  o.h.c.AnnotationConfiguration 369 - Hibernate Validator not found: ignoring
10:23:49.760 [main] DEBUG o.h.c.AnnotationConfiguration 806 - Validator not present in classpath, ignoring event listener registration
10:23:49.762 [main] DEBUG o.h.c.s.HibernateSearchEventListenerRegister 209 - Search not present in classpath, ignoring event listener registration.
10:23:49.762 [main] INFO  o.h.c.s.HibernateSearchEventListenerRegister 53 - Unable to find org.hibernate.search.event.FullTextIndexEventListener on the classpath. Hibernate Search is not enabled.
10:23:49.762 [main] DEBUG o.hibernate.cfg.Configuration 1332 - Preparing to build session factory with filters : {}
10:23:49.763 [main] DEBUG o.h.c.AnnotationConfiguration 258 - Execute first pass mapping processing
10:23:49.763 [main] DEBUG o.h.c.AnnotationConfiguration 529 - Process hbm files
10:23:49.763 [main] DEBUG o.h.c.AnnotationConfiguration 537 - Process annotated classes
10:23:49.763 [main] DEBUG o.h.c.AnnotationConfiguration 401 - processing fk mappings (*ToOne and JoinedSubclass)
10:23:49.764 [main] DEBUG o.hibernate.cfg.Configuration 1167 - processing extends queue
10:23:49.764 [main] DEBUG o.hibernate.cfg.Configuration 1171 - processing collection mappings
10:23:49.764 [main] DEBUG o.hibernate.cfg.Configuration 1182 - processing native query and ResultSetMapping mappings
10:23:49.764 [main] DEBUG o.hibernate.cfg.Configuration 1190 - processing association property references
10:23:49.765 [main] DEBUG o.hibernate.cfg.Configuration 1212 - processing foreign key constraints
10:23:49.814 [main] INFO  o.h.c.ConnectionProviderFactory 95 - Initializing connection provider: org.springframework.orm.hibernate3.LocalDataSourceConnectionProvider
10:23:50.427 [main] INFO  o.h.cfg.SettingsFactory 114 - RDBMS: MySQL, version: 5.6.14
10:23:50.427 [main] INFO  o.h.cfg.SettingsFactory 115 - JDBC driver: MySQL-AB JDBC Driver, version: mysql-connector-java-5.0.8 ( Revision: ${svn.Revision} )
10:23:50.448 [main] INFO  org.hibernate.dialect.Dialect 175 - Using dialect: org.hibernate.dialect.MySQLDialect
10:23:50.451 [main] INFO  o.h.t.TransactionFactoryFactory 62 - Transaction strategy: org.springframework.orm.hibernate3.SpringTransactionFactory
10:23:50.453 [main] INFO  o.h.t.TransactionManagerLookupFactory 80 - No TransactionManagerLookup configured (in JTA environment, use of read-write or transactional second-level cache is not recommended)
10:23:50.453 [main] INFO  o.h.cfg.SettingsFactory 161 - Automatic flush during beforeCompletion(): disabled
10:23:50.454 [main] INFO  o.h.cfg.SettingsFactory 165 - Automatic session close at end of transaction: disabled
10:23:50.454 [main] INFO  o.h.cfg.SettingsFactory 172 - JDBC batch size: 15
10:23:50.454 [main] INFO  o.h.cfg.SettingsFactory 175 - JDBC batch updates for versioned data: disabled
10:23:50.455 [main] INFO  o.h.cfg.SettingsFactory 180 - Scrollable result sets: enabled
10:23:50.455 [main] DEBUG o.h.cfg.SettingsFactory 184 - Wrap result sets: disabled
10:23:50.455 [main] INFO  o.h.cfg.SettingsFactory 188 - JDBC3 getGeneratedKeys(): enabled
10:23:50.456 [main] INFO  o.h.cfg.SettingsFactory 196 - Connection release mode: auto
10:23:50.456 [main] INFO  o.h.cfg.SettingsFactory 220 - Maximum outer join fetch depth: 2
10:23:50.457 [main] INFO  o.h.cfg.SettingsFactory 223 - Default batch fetch size: 1
10:23:50.457 [main] INFO  o.h.cfg.SettingsFactory 227 - Generate SQL with comments: disabled
10:23:50.458 [main] INFO  o.h.cfg.SettingsFactory 231 - Order SQL updates by primary key: disabled
10:23:50.458 [main] INFO  o.h.cfg.SettingsFactory 235 - Order SQL inserts for batching: disabled
10:23:50.458 [main] INFO  o.h.cfg.SettingsFactory 397 - Query translator: org.hibernate.hql.ast.ASTQueryTranslatorFactory
10:23:50.460 [main] INFO  o.h.h.a.ASTQueryTranslatorFactory 47 - Using ASTQueryTranslatorFactory
10:23:50.460 [main] INFO  o.h.cfg.SettingsFactory 243 - Query language substitutions: {}
10:23:50.460 [main] INFO  o.h.cfg.SettingsFactory 248 - JPA-QL strict compliance: disabled
10:23:50.460 [main] INFO  o.h.cfg.SettingsFactory 253 - Second-level cache: enabled
10:23:50.461 [main] INFO  o.h.cfg.SettingsFactory 257 - Query cache: disabled
10:23:50.461 [main] INFO  o.h.cfg.SettingsFactory 382 - Cache region factory : org.hibernate.cache.impl.NoCachingRegionFactory
10:23:50.461 [main] INFO  o.h.cfg.SettingsFactory 267 - Optimize cache for minimal puts: disabled
10:23:50.461 [main] INFO  o.h.cfg.SettingsFactory 276 - Structured second-level cache entries: disabled
10:23:50.462 [main] TRACE o.h.e.SQLExceptionConverterFactory 75 - Using dialect defined converter
10:23:50.464 [main] INFO  o.h.cfg.SettingsFactory 296 - Echoing all SQL to stdout
10:23:50.465 [main] INFO  o.h.cfg.SettingsFactory 305 - Statistics: disabled
10:23:50.465 [main] INFO  o.h.cfg.SettingsFactory 309 - Deleted entity synthetic identifier rollback: disabled
10:23:50.466 [main] INFO  o.h.cfg.SettingsFactory 324 - Default entity-mode: pojo
10:23:50.466 [main] INFO  o.h.cfg.SettingsFactory 328 - Named query checking : enabled
10:23:50.572 [main] INFO  o.h.impl.SessionFactoryImpl 193 - building session factory
10:23:50.573 [main] DEBUG o.h.impl.SessionFactoryImpl 211 - Session factory constructed with filter configurations : {}
10:23:50.574 [main] DEBUG o.h.impl.SessionFactoryImpl 215 - instantiating session factory with properties: {java.runtime.name=Java(TM) SE Runtime Environment, sun.boot.library.path=C:\Program Files\Java\jdk1.6.0_26\jre\bin, java.vm.version=20.1-b02, java.vm.vendor=Sun Microsystems Inc., java.vendor.url=http://java.sun.com/, path.separator=;, java.vm.name=Java HotSpot(TM) 64-Bit Server VM, file.encoding.pkg=sun.io, user.country=CN, sun.java.launcher=SUN_STANDARD, sun.os.patch.level=Service Pack 1, java.vm.specification.name=Java Virtual Machine Specification, user.dir=E:\spring\spring-deep-study, java.runtime.version=1.6.0_26-b03, java.awt.graphicsenv=sun.awt.Win32GraphicsEnvironment, hibernate.current_session_context_class=org.springframework.orm.hibernate3.SpringSessionContext, java.endorsed.dirs=C:\Program Files\Java\jdk1.6.0_26\jre\lib\endorsed, os.arch=amd64, java.io.tmpdir=C:\Users\ADMINI~1\AppData\Local\Temp\, line.separator=
, java.vm.specification.vendor=Sun Microsystems Inc., user.variant=, os.name=Windows 7, sun.jnu.encoding=GBK, java.library.path=C:\Program Files\Java\jdk1.6.0_26\bin;C:\Windows\Sun\Java\bin;C:\Windows\system32;C:\Windows;C:\Program Files\Broadcom\Broadcom 802.11 Network Adapter\Driver;C:\Windows\system32;C:\Windows;C:\Windows\System32\Wbem;C:\Windows\System32\WindowsPowerShell\v1.0\;C:\Program Files\Lenovo\Bluetooth Software\;C:\Program Files\Lenovo\Bluetooth Software\syswow64;C:\Program Files (x86)\Intel\OpenCL SDK\2.0\bin\x86;C:\Program Files (x86)\Intel\OpenCL SDK\2.0\bin\x64;C:\Program Files\TortoiseSVN\bin;C:\Program Files\TortoiseGit\bin;E:\apache-ant-1.9.1\bin;E:\tools\apache-maven-3.1.0-alpha-1-bin\apache-maven-3.1.0-alpha-1\bin;D:\gradle-1.7\bin;;., java.specification.name=Java Platform API Specification, java.class.version=50.0, sun.management.compiler=HotSpot 64-Bit Tiered Compilers, hibernate.transaction.factory_class=org.springframework.orm.hibernate3.SpringTransactionFactory, os.version=6.1, user.home=C:\Users\Administrator, user.timezone=Asia/Shanghai, java.awt.printerjob=sun.awt.windows.WPrinterJob, file.encoding=UTF-8, java.specification.version=1.6, java.class.path=E:\spring\spring-deep-study\build\classes;E:\spring\spring-deep-study\WebContent\WEB-INF\lib\activemq-core-5.7.0.jar;E:\spring\spring-deep-study\WebContent\WEB-INF\lib\activemq-pool-5.7.0.jar;E:\spring\spring-deep-study\WebContent\WEB-INF\lib\aopalliance.jar;E:\spring\spring-deep-study\WebContent\WEB-INF\lib\aspectj-1.7.3.jar;E:\spring\spring-deep-study\WebContent\WEB-INF\lib\aspectjweaver-1.7.1.jar;E:\spring\spring-deep-study\WebContent\WEB-INF\lib\cglib-nodep-2.1_3.jar;E:\spring\spring-deep-study\WebContent\WEB-INF\lib\commons-beanutils.jar;E:\spring\spring-deep-study\WebContent\WEB-INF\lib\commons-codec-1.6.jar;E:\spring\spring-deep-study\WebContent\WEB-INF\lib\commons-codec-1.8.jar;E:\spring\spring-deep-study\WebContent\WEB-INF\lib\commons-collections-3.1.jar;E:\spring\spring-deep-study\WebContent\WEB-INF\lib\commons-fileupload-1.2.2.jar;E:\spring\spring-deep-study\WebContent\WEB-INF\lib\commons-io-2.0.1.jar;E:\spring\spring-deep-study\WebContent\WEB-INF\lib\commons-lang-2.4.jar;E:\spring\spring-deep-study\WebContent\WEB-INF\lib\commons-lang3-3.1.jar;E:\spring\spring-deep-study\WebContent\WEB-INF\lib\commons-logging-1.1.1.jar;E:\spring\spring-deep-study\WebContent\WEB-INF\lib\commons-pool-1.6.jar;E:\spring\spring-deep-study\WebContent\WEB-INF\lib\dom4j-1.6.1.jar;E:\spring\spring-deep-study\WebContent\WEB-INF\lib\easymock-3.1.jar;E:\spring\spring-deep-study\WebContent\WEB-INF\lib\ejb3-persistence.jar;E:\spring\spring-deep-study\WebContent\WEB-INF\lib\ezmorph-1.0.4.jar;E:\spring\spring-deep-study\WebContent\WEB-INF\lib\fastjson-1.1.9.jar;E:\spring\spring-deep-study\WebContent\WEB-INF\lib\fluent-hc-4.2.5.jar;E:\spring\spring-deep-study\WebContent\WEB-INF\lib\geronimo-j2ee-management_1.1_spec-1.0.1.jar;E:\spring\spring-deep-study\WebContent\WEB-INF\lib\geronimo-jms_1.1_spec-1.1.1.jar;E:\spring\spring-deep-study\WebContent\WEB-INF\lib\guava-13.0.1.jar;E:\spring\spring-deep-study\WebContent\WEB-INF\lib\hibernate-annotations.jar;E:\spring\spring-deep-study\WebContent\WEB-INF\lib\hibernate-commons-annotations.jar;E:\spring\spring-deep-study\WebContent\WEB-INF\lib\hibernate3.jar;E:\spring\spring-deep-study\WebContent\WEB-INF\lib\httpclient-4.2.5.jar;E:\spring\spring-deep-study\WebContent\WEB-INF\lib\httpclient-cache-4.2.5.jar;E:\spring\spring-deep-study\WebContent\WEB-INF\lib\httpcore-4.2.4.jar;E:\spring\spring-deep-study\WebContent\WEB-INF\lib\httpmime-4.2.5.jar;E:\spring\spring-deep-study\WebContent\WEB-INF\lib\jackson-core-asl-1.5.3.jar;E:\spring\spring-deep-study\WebContent\WEB-INF\lib\jackson-mapper-asl-1.5.3.jar;E:\spring\spring-deep-study\WebContent\WEB-INF\lib\javaee.jar;E:\spring\spring-deep-study\WebContent\WEB-INF\lib\javassist-3.11.0.GA.jar;E:\spring\spring-deep-study\WebContent\WEB-INF\lib\jedis-2.1.0.jar;E:\spring\spring-deep-study\WebContent\WEB-INF\lib\jsoup-1.5.2.jar;E:\spring\spring-deep-study\WebContent\WEB-INF\lib\jstl-api-1.2.jar;E:\spring\spring-deep-study\WebContent\WEB-INF\lib\jstl-impl-1.2.jar;E:\spring\spring-deep-study\WebContent\WEB-INF\lib\jstl.jar;E:\spring\spring-deep-study\WebContent\WEB-INF\lib\jta-1.1.jar;E:\spring\spring-deep-study\WebContent\WEB-INF\lib\jtds-1.2.2.jar;E:\spring\spring-deep-study\WebContent\WEB-INF\lib\jxl.jar;E:\spring\spring-deep-study\WebContent\WEB-INF\lib\logback-classic-0.9.24.jar;E:\spring\spring-deep-study\WebContent\WEB-INF\lib\logback-core-0.9.24.jar;E:\spring\spring-deep-study\WebContent\WEB-INF\lib\mongo-2.7.3.jar;E:\spring\spring-deep-study\WebContent\WEB-INF\lib\mybatis-3.0.5.jar;E:\spring\spring-deep-study\WebContent\WEB-INF\lib\mybatis-generator-core-1.3.1.jar;E:\spring\spring-deep-study\WebContent\WEB-INF\lib\mybatis-spring-1.0.1.jar;E:\spring\spring-deep-study\WebContent\WEB-INF\lib\mysql-connector-java-5.0.8-bin.jar;E:\spring\spring-deep-study\WebContent\WEB-INF\lib\org.springframework.aop-3.1.0.RELEASE.jar;E:\spring\spring-deep-study\WebContent\WEB-INF\lib\org.springframework.asm-3.1.0.RELEASE.jar;E:\spring\spring-deep-study\WebContent\WEB-INF\lib\org.springframework.aspects-3.1.0.RELEASE.jar;E:\spring\spring-deep-study\WebContent\WEB-INF\lib\org.springframework.beans-3.1.0.RELEASE.jar;E:\spring\spring-deep-study\WebContent\WEB-INF\lib\org.springframework.context-3.1.0.RELEASE.jar;E:\spring\spring-deep-study\WebContent\WEB-INF\lib\org.springframework.context.support-3.1.0.RELEASE.jar;E:\spring\spring-deep-study\WebContent\WEB-INF\lib\org.springframework.core-3.1.0.RELEASE.jar;E:\spring\spring-deep-study\WebContent\WEB-INF\lib\org.springframework.expression-3.1.0.RELEASE.jar;E:\spring\spring-deep-study\WebContent\WEB-INF\lib\org.springframework.jdbc-3.1.0.RELEASE.jar;E:\spring\spring-deep-study\WebContent\WEB-INF\lib\org.springframework.jms-3.1.0.RELEASE.jar;E:\spring\spring-deep-study\WebContent\WEB-INF\lib\org.springframework.orm-3.1.0.RELEASE.jar;E:\spring\spring-deep-study\WebContent\WEB-INF\lib\org.springframework.oxm-3.1.0.RELEASE.jar;E:\spring\spring-deep-study\WebContent\WEB-INF\lib\org.springframework.transaction-3.1.0.RELEASE.jar;E:\spring\spring-deep-study\WebContent\WEB-INF\lib\org.springframework.web-3.1.0.RELEASE.jar;E:\spring\spring-deep-study\WebContent\WEB-INF\lib\org.springframework.web.portlet-3.1.0.RELEASE.jar;E:\spring\spring-deep-study\WebContent\WEB-INF\lib\org.springframework.web.servlet-3.1.0.RELEASE.jar;E:\spring\spring-deep-study\WebContent\WEB-INF\lib\servlet-api.jar;E:\spring\spring-deep-study\WebContent\WEB-INF\lib\slf4j-api-1.6.1.jar;E:\spring\spring-deep-study\WebContent\WEB-INF\lib\spring-aop-1.2.6.jar;E:\spring\spring-deep-study\WebContent\WEB-INF\lib\spring-data-commons-core-1.2.1.RELEASE.jar;E:\spring\spring-deep-study\WebContent\WEB-INF\lib\spring-data-mongodb-1.0.1.RELEASE.jar;E:\spring\spring-deep-study\WebContent\WEB-INF\lib\spring-data-redis-1.0.2.RELEASE.jar;E:\spring\spring-deep-study\WebContent\WEB-INF\lib\spring-security-acl-3.1.4.RELEASE.jar;E:\spring\spring-deep-study\WebContent\WEB-INF\lib\spring-security-aspects-3.1.4.RELEASE.jar;E:\spring\spring-deep-study\WebContent\WEB-INF\lib\spring-security-cas-3.1.4.RELEASE.jar;E:\spring\spring-deep-study\WebContent\WEB-INF\lib\spring-security-config-3.1.4.RELEASE.jar;E:\spring\spring-deep-study\WebContent\WEB-INF\lib\spring-security-core-3.1.4.RELEASE.jar;E:\spring\spring-deep-study\WebContent\WEB-INF\lib\spring-security-crypto-3.1.4.RELEASE.jar;E:\spring\spring-deep-study\WebContent\WEB-INF\lib\spring-security-ldap-3.1.4.RELEASE.jar;E:\spring\spring-deep-study\WebContent\WEB-INF\lib\spring-security-openid-3.1.4.RELEASE.jar;E:\spring\spring-deep-study\WebContent\WEB-INF\lib\spring-security-remoting-3.1.4.RELEASE.jar;E:\spring\spring-deep-study\WebContent\WEB-INF\lib\spring-security-taglibs-3.1.4.RELEASE.jar;E:\spring\spring-deep-study\WebContent\WEB-INF\lib\spring-security-web-3.1.4.RELEASE.jar;E:\spring\spring-deep-study\WebContent\WEB-INF\lib\spymemcached-2.8.4.jar;E:\spring\spring-deep-study\WebContent\WEB-INF\lib\standard.jar, user.name=Administrator, hibernate.bytecode.use_reflection_optimizer=false, hibernate.show_sql=true, java.vm.specification.version=1.0, sun.arch.data.model=64, java.home=C:\Program Files\Java\jdk1.6.0_26\jre, sun.java.command=com.spring.spring.TestSping, hibernate.dialect=org.hibernate.dialect.MySQLDialect, java.specification.vendor=Sun Microsystems Inc., user.language=zh, awt.toolkit=sun.awt.windows.WToolkit, java.vm.info=mixed mode, java.version=1.6.0_26, java.ext.dirs=C:\Program Files\Java\jdk1.6.0_26\jre\lib\ext;C:\Windows\Sun\Java\lib\ext, sun.boot.class.path=C:\Program Files\Java\jdk1.6.0_26\jre\lib\resources.jar;C:\Program Files\Java\jdk1.6.0_26\jre\lib\rt.jar;C:\Program Files\Java\jdk1.6.0_26\jre\lib\sunrsasign.jar;C:\Program Files\Java\jdk1.6.0_26\jre\lib\jsse.jar;C:\Program Files\Java\jdk1.6.0_26\jre\lib\jce.jar;C:\Program Files\Java\jdk1.6.0_26\jre\lib\charsets.jar;C:\Program Files\Java\jdk1.6.0_26\jre\lib\modules\jdk.boot.jar;C:\Program Files\Java\jdk1.6.0_26\jre\classes, java.vendor=Sun Microsystems Inc., file.separator=\, java.vendor.url.bug=http://java.sun.com/cgi-bin/bugreport.cgi, hibernate.connection.provider_class=org.springframework.orm.hibernate3.LocalDataSourceConnectionProvider, sun.cpu.endian=little, sun.io.unicode.encoding=UnicodeLittle, sun.desktop=windows, sun.cpu.isalist=amd64}
10:23:50.683 [main] DEBUG o.h.p.e.AbstractEntityPersister 2756 - Static SQL for entity: com.spring.hibernate.entity.Ship
10:23:50.684 [main] DEBUG o.h.p.e.AbstractEntityPersister 2761 -  Version select: select id from tb_ship_cop where id =?
10:23:50.684 [main] DEBUG o.h.p.e.AbstractEntityPersister 2764 -  Snapshot select: select ship_.id, ship_.name as name0_, ship_.createTime as createTime0_ from tb_ship_cop ship_ where ship_.id=?
10:23:50.684 [main] DEBUG o.h.p.e.AbstractEntityPersister 2767 -  Insert 0: insert into tb_ship_cop (name, createTime, id) values (?, ?, ?)
10:23:50.685 [main] DEBUG o.h.p.e.AbstractEntityPersister 2768 -  Update 0: update tb_ship_cop set name=?, createTime=? where id=?
10:23:50.685 [main] DEBUG o.h.p.e.AbstractEntityPersister 2769 -  Delete 0: delete from tb_ship_cop where id=?
10:23:50.704 [main] DEBUG o.h.loader.entity.EntityLoader 102 - Static select for entity com.spring.hibernate.entity.Ship: select ship0_.id as id0_0_, ship0_.name as name0_0_, ship0_.createTime as createTime0_0_ from tb_ship_cop ship0_ where ship0_.id=?
10:23:50.704 [main] DEBUG o.h.loader.entity.EntityLoader 102 - Static select for entity com.spring.hibernate.entity.Ship: select ship0_.id as id0_0_, ship0_.name as name0_0_, ship0_.createTime as createTime0_0_ from tb_ship_cop ship0_ where ship0_.id=?
10:23:50.705 [main] DEBUG o.h.loader.entity.EntityLoader 102 - Static select for entity com.spring.hibernate.entity.Ship: select ship0_.id as id0_0_, ship0_.name as name0_0_, ship0_.createTime as createTime0_0_ from tb_ship_cop ship0_ where ship0_.id=? for update
10:23:50.705 [main] DEBUG o.h.loader.entity.EntityLoader 102 - Static select for entity com.spring.hibernate.entity.Ship: select ship0_.id as id0_0_, ship0_.name as name0_0_, ship0_.createTime as createTime0_0_ from tb_ship_cop ship0_ where ship0_.id=? for update
10:23:50.706 [main] DEBUG o.h.loader.entity.EntityLoader 102 - Static select for entity com.spring.hibernate.entity.Ship: select ship0_.id as id0_0_, ship0_.name as name0_0_, ship0_.createTime as createTime0_0_ from tb_ship_cop ship0_ where ship0_.id=? for update
10:23:50.712 [main] DEBUG o.h.loader.entity.EntityLoader 57 - Static select for action ACTION_MERGE on entity com.spring.hibernate.entity.Ship: select ship0_.id as id0_0_, ship0_.name as name0_0_, ship0_.createTime as createTime0_0_ from tb_ship_cop ship0_ where ship0_.id=?
10:23:50.712 [main] DEBUG o.h.loader.entity.EntityLoader 57 - Static select for action ACTION_REFRESH on entity com.spring.hibernate.entity.Ship: select ship0_.id as id0_0_, ship0_.name as name0_0_, ship0_.createTime as createTime0_0_ from tb_ship_cop ship0_ where ship0_.id=?
10:23:50.737 [main] DEBUG o.h.i.SessionFactoryObjectFactory 62 - initializing class SessionFactoryObjectFactory
10:23:50.739 [main] DEBUG o.h.i.SessionFactoryObjectFactory 99 - registered: 402882354303842c014303842dbb0000 (unnamed)
10:23:50.739 [main] INFO  o.h.i.SessionFactoryObjectFactory 105 - Not binding factory to JNDI, no JNDI name configured
10:23:50.739 [main] DEBUG o.h.impl.SessionFactoryImpl 350 - instantiated session factory
10:23:50.740 [main] DEBUG o.h.impl.SessionFactoryImpl 474 - Checking 0 named HQL queries
10:23:50.740 [main] DEBUG o.h.impl.SessionFactoryImpl 494 - Checking 0 named SQL queries
10:30:09.928 [main] DEBUG o.a.ibatis.logging.LogFactory 28 - Logging initialized using 'org.apache.ibatis.logging.slf4j.Slf4jImpl' adapter.
10:30:10.003 [main] DEBUG o.m.s.SqlSessionFactoryBean 28 - Property 'configLocation' not specified, using default MyBatis Configuration
10:30:10.047 [main] DEBUG o.a.ibatis.io.ResolverUtil 28 - Listing classes in file:/E:/spring/spring-deep-study/build/classes/com/model
10:30:10.047 [main] DEBUG o.a.ibatis.io.ResolverUtil 28 - Find JAR URL: file:/E:/spring/spring-deep-study/build/classes/com/model
10:30:10.048 [main] DEBUG o.a.ibatis.io.ResolverUtil 28 - Not a JAR: file:/E:/spring/spring-deep-study/build/classes/com/model
10:30:10.155 [main] DEBUG o.a.ibatis.io.ResolverUtil 28 - Reader entry: CloneAbleEntity.class
10:30:10.156 [main] DEBUG o.a.ibatis.io.ResolverUtil 28 - Reader entry: Ship.class
10:30:10.156 [main] DEBUG o.a.ibatis.io.ResolverUtil 28 - Reader entry: TbHandler.class
10:30:10.157 [main] DEBUG o.a.ibatis.io.ResolverUtil 28 - Reader entry: Test.class
10:30:10.157 [main] DEBUG o.a.ibatis.io.ResolverUtil 28 - Found class file: com/model/CloneAbleEntity.class
10:30:10.158 [main] DEBUG o.a.ibatis.io.ResolverUtil 28 - Found class file: com/model/Ship.class
10:30:10.158 [main] DEBUG o.a.ibatis.io.ResolverUtil 28 - Found class file: com/model/TbHandler.class
10:30:10.159 [main] DEBUG o.a.ibatis.io.ResolverUtil 28 - Found class file: com/model/Test.class
10:30:10.159 [main] DEBUG o.a.ibatis.io.ResolverUtil 28 - Checking to see if class com.model.CloneAbleEntity matches criteria [is assignable to Object]
10:30:10.160 [main] DEBUG o.a.ibatis.io.ResolverUtil 28 - Checking to see if class com.model.Ship matches criteria [is assignable to Object]
10:30:10.161 [main] DEBUG o.a.ibatis.io.ResolverUtil 28 - Checking to see if class com.model.TbHandler matches criteria [is assignable to Object]
10:30:10.161 [main] DEBUG o.a.ibatis.io.ResolverUtil 28 - Checking to see if class com.model.Test matches criteria [is assignable to Object]
10:30:10.163 [main] DEBUG o.m.s.SqlSessionFactoryBean 28 - Scanned package: 'com.model' for aliases
10:30:10.285 [main] DEBUG o.m.s.SqlSessionFactoryBean 28 - Parsed mapper file: 'file [E:\spring\spring-deep-study\build\classes\com\spring\mybatis\dao\mapper\ShipMapper.xml]'
10:30:10.405 [main] INFO  o.h.cfg.annotations.Version 15 - Hibernate Annotations 3.4.0.GA
10:30:10.417 [main] INFO  org.hibernate.cfg.Environment 560 - Hibernate 3.3.2.GA
10:30:10.419 [main] INFO  org.hibernate.cfg.Environment 593 - hibernate.properties not found
10:30:10.424 [main] INFO  org.hibernate.cfg.Environment 771 - Bytecode provider name : javassist
10:30:10.428 [main] INFO  org.hibernate.cfg.Environment 652 - using JDK 1.4 java.sql.Timestamp handling
10:30:10.500 [main] INFO  o.h.annotations.common.Version 14 - Hibernate Commons Annotations 3.1.0.GA
10:30:10.526 [main] DEBUG o.h.util.DTDEntityResolver 64 - trying to resolve system-id [http://hibernate.sourceforge.net/hibernate-mapping-3.0.dtd]
10:30:10.526 [main] DEBUG o.h.util.DTDEntityResolver 66 - recognized hibernate namespace; attempting to resolve on classpath under org/hibernate/
10:30:10.527 [main] DEBUG o.h.util.DTDEntityResolver 76 - located [http://hibernate.sourceforge.net/hibernate-mapping-3.0.dtd] in classpath
10:30:10.572 [main] DEBUG o.h.c.AnnotationConfiguration 258 - Execute first pass mapping processing
10:30:10.595 [main] DEBUG o.h.c.AnnotationConfiguration 529 - Process hbm files
10:30:10.611 [main] INFO  org.hibernate.cfg.HbmBinder 322 - Mapping class: com.spring.hibernate.entity.Ship -> tb_ship_cop
10:30:10.616 [main] DEBUG org.hibernate.cfg.HbmBinder 1289 - Mapped property: id -> id
10:30:10.621 [main] DEBUG org.hibernate.cfg.HbmBinder 1289 - Mapped property: name -> name
10:30:10.621 [main] DEBUG org.hibernate.cfg.HbmBinder 1289 - Mapped property: create -> createTime
10:30:10.622 [main] DEBUG o.h.c.AnnotationConfiguration 537 - Process annotated classes
10:30:10.622 [main] DEBUG o.h.c.AnnotationConfiguration 401 - processing fk mappings (*ToOne and JoinedSubclass)
10:30:10.622 [main] DEBUG o.hibernate.cfg.Configuration 1167 - processing extends queue
10:30:10.622 [main] DEBUG o.hibernate.cfg.Configuration 1171 - processing collection mappings
10:30:10.623 [main] DEBUG o.hibernate.cfg.Configuration 1182 - processing native query and ResultSetMapping mappings
10:30:10.623 [main] DEBUG o.hibernate.cfg.Configuration 1190 - processing association property references
10:30:10.623 [main] DEBUG o.hibernate.cfg.Configuration 1212 - processing foreign key constraints
10:30:10.628 [main] INFO  o.h.c.AnnotationConfiguration 369 - Hibernate Validator not found: ignoring
10:30:10.629 [main] DEBUG o.h.c.AnnotationConfiguration 806 - Validator not present in classpath, ignoring event listener registration
10:30:10.631 [main] DEBUG o.h.c.s.HibernateSearchEventListenerRegister 209 - Search not present in classpath, ignoring event listener registration.
10:30:10.632 [main] INFO  o.h.c.s.HibernateSearchEventListenerRegister 53 - Unable to find org.hibernate.search.event.FullTextIndexEventListener on the classpath. Hibernate Search is not enabled.
10:30:10.632 [main] DEBUG o.hibernate.cfg.Configuration 1332 - Preparing to build session factory with filters : {}
10:30:10.633 [main] DEBUG o.h.c.AnnotationConfiguration 258 - Execute first pass mapping processing
10:30:10.633 [main] DEBUG o.h.c.AnnotationConfiguration 529 - Process hbm files
10:30:10.633 [main] DEBUG o.h.c.AnnotationConfiguration 537 - Process annotated classes
10:30:10.634 [main] DEBUG o.h.c.AnnotationConfiguration 401 - processing fk mappings (*ToOne and JoinedSubclass)
10:30:10.634 [main] DEBUG o.hibernate.cfg.Configuration 1167 - processing extends queue
10:30:10.634 [main] DEBUG o.hibernate.cfg.Configuration 1171 - processing collection mappings
10:30:10.635 [main] DEBUG o.hibernate.cfg.Configuration 1182 - processing native query and ResultSetMapping mappings
10:30:10.635 [main] DEBUG o.hibernate.cfg.Configuration 1190 - processing association property references
10:30:10.636 [main] DEBUG o.hibernate.cfg.Configuration 1212 - processing foreign key constraints
10:30:10.676 [main] INFO  o.h.c.ConnectionProviderFactory 95 - Initializing connection provider: org.springframework.orm.hibernate3.LocalDataSourceConnectionProvider
10:30:10.838 [main] INFO  o.h.cfg.SettingsFactory 114 - RDBMS: MySQL, version: 5.6.14
10:30:10.838 [main] INFO  o.h.cfg.SettingsFactory 115 - JDBC driver: MySQL-AB JDBC Driver, version: mysql-connector-java-5.0.8 ( Revision: ${svn.Revision} )
10:30:10.860 [main] INFO  org.hibernate.dialect.Dialect 175 - Using dialect: org.hibernate.dialect.MySQLDialect
10:30:10.864 [main] INFO  o.h.t.TransactionFactoryFactory 62 - Transaction strategy: org.springframework.orm.hibernate3.SpringTransactionFactory
10:30:10.865 [main] INFO  o.h.t.TransactionManagerLookupFactory 80 - No TransactionManagerLookup configured (in JTA environment, use of read-write or transactional second-level cache is not recommended)
10:30:10.866 [main] INFO  o.h.cfg.SettingsFactory 161 - Automatic flush during beforeCompletion(): disabled
10:30:10.866 [main] INFO  o.h.cfg.SettingsFactory 165 - Automatic session close at end of transaction: disabled
10:30:10.866 [main] INFO  o.h.cfg.SettingsFactory 172 - JDBC batch size: 15
10:30:10.866 [main] INFO  o.h.cfg.SettingsFactory 175 - JDBC batch updates for versioned data: disabled
10:30:10.867 [main] INFO  o.h.cfg.SettingsFactory 180 - Scrollable result sets: enabled
10:30:10.867 [main] DEBUG o.h.cfg.SettingsFactory 184 - Wrap result sets: disabled
10:30:10.867 [main] INFO  o.h.cfg.SettingsFactory 188 - JDBC3 getGeneratedKeys(): enabled
10:30:10.868 [main] INFO  o.h.cfg.SettingsFactory 196 - Connection release mode: auto
10:30:10.868 [main] INFO  o.h.cfg.SettingsFactory 220 - Maximum outer join fetch depth: 2
10:30:10.868 [main] INFO  o.h.cfg.SettingsFactory 223 - Default batch fetch size: 1
10:30:10.869 [main] INFO  o.h.cfg.SettingsFactory 227 - Generate SQL with comments: disabled
10:30:10.869 [main] INFO  o.h.cfg.SettingsFactory 231 - Order SQL updates by primary key: disabled
10:30:10.869 [main] INFO  o.h.cfg.SettingsFactory 235 - Order SQL inserts for batching: disabled
10:30:10.869 [main] INFO  o.h.cfg.SettingsFactory 397 - Query translator: org.hibernate.hql.ast.ASTQueryTranslatorFactory
10:30:10.871 [main] INFO  o.h.h.a.ASTQueryTranslatorFactory 47 - Using ASTQueryTranslatorFactory
10:30:10.871 [main] INFO  o.h.cfg.SettingsFactory 243 - Query language substitutions: {}
10:30:10.871 [main] INFO  o.h.cfg.SettingsFactory 248 - JPA-QL strict compliance: disabled
10:30:10.872 [main] INFO  o.h.cfg.SettingsFactory 253 - Second-level cache: enabled
10:30:10.872 [main] INFO  o.h.cfg.SettingsFactory 257 - Query cache: disabled
10:30:10.872 [main] INFO  o.h.cfg.SettingsFactory 382 - Cache region factory : org.hibernate.cache.impl.NoCachingRegionFactory
10:30:10.872 [main] INFO  o.h.cfg.SettingsFactory 267 - Optimize cache for minimal puts: disabled
10:30:10.873 [main] INFO  o.h.cfg.SettingsFactory 276 - Structured second-level cache entries: disabled
10:30:10.874 [main] TRACE o.h.e.SQLExceptionConverterFactory 75 - Using dialect defined converter
10:30:10.876 [main] INFO  o.h.cfg.SettingsFactory 296 - Echoing all SQL to stdout
10:30:10.877 [main] INFO  o.h.cfg.SettingsFactory 305 - Statistics: disabled
10:30:10.877 [main] INFO  o.h.cfg.SettingsFactory 309 - Deleted entity synthetic identifier rollback: disabled
10:30:10.877 [main] INFO  o.h.cfg.SettingsFactory 324 - Default entity-mode: pojo
10:30:10.878 [main] INFO  o.h.cfg.SettingsFactory 328 - Named query checking : enabled
10:30:10.903 [main] INFO  o.h.impl.SessionFactoryImpl 193 - building session factory
10:30:10.905 [main] DEBUG o.h.impl.SessionFactoryImpl 211 - Session factory constructed with filter configurations : {}
10:30:10.905 [main] DEBUG o.h.impl.SessionFactoryImpl 215 - instantiating session factory with properties: {java.runtime.name=Java(TM) SE Runtime Environment, sun.boot.library.path=C:\Program Files\Java\jdk1.6.0_26\jre\bin, java.vm.version=20.1-b02, java.vm.vendor=Sun Microsystems Inc., java.vendor.url=http://java.sun.com/, path.separator=;, java.vm.name=Java HotSpot(TM) 64-Bit Server VM, file.encoding.pkg=sun.io, user.country=CN, sun.java.launcher=SUN_STANDARD, sun.os.patch.level=Service Pack 1, java.vm.specification.name=Java Virtual Machine Specification, user.dir=E:\spring\spring-deep-study, java.runtime.version=1.6.0_26-b03, java.awt.graphicsenv=sun.awt.Win32GraphicsEnvironment, hibernate.current_session_context_class=org.springframework.orm.hibernate3.SpringSessionContext, java.endorsed.dirs=C:\Program Files\Java\jdk1.6.0_26\jre\lib\endorsed, os.arch=amd64, java.io.tmpdir=C:\Users\ADMINI~1\AppData\Local\Temp\, line.separator=
, java.vm.specification.vendor=Sun Microsystems Inc., user.variant=, os.name=Windows 7, sun.jnu.encoding=GBK, java.library.path=C:\Program Files\Java\jdk1.6.0_26\bin;C:\Windows\Sun\Java\bin;C:\Windows\system32;C:\Windows;C:\Program Files\Broadcom\Broadcom 802.11 Network Adapter\Driver;C:\Windows\system32;C:\Windows;C:\Windows\System32\Wbem;C:\Windows\System32\WindowsPowerShell\v1.0\;C:\Program Files\Lenovo\Bluetooth Software\;C:\Program Files\Lenovo\Bluetooth Software\syswow64;C:\Program Files (x86)\Intel\OpenCL SDK\2.0\bin\x86;C:\Program Files (x86)\Intel\OpenCL SDK\2.0\bin\x64;C:\Program Files\TortoiseSVN\bin;C:\Program Files\TortoiseGit\bin;E:\apache-ant-1.9.1\bin;E:\tools\apache-maven-3.1.0-alpha-1-bin\apache-maven-3.1.0-alpha-1\bin;D:\gradle-1.7\bin;;., java.specification.name=Java Platform API Specification, java.class.version=50.0, sun.management.compiler=HotSpot 64-Bit Tiered Compilers, hibernate.transaction.factory_class=org.springframework.orm.hibernate3.SpringTransactionFactory, os.version=6.1, user.home=C:\Users\Administrator, user.timezone=Asia/Shanghai, java.awt.printerjob=sun.awt.windows.WPrinterJob, file.encoding=UTF-8, java.specification.version=1.6, java.class.path=E:\spring\spring-deep-study\build\classes;E:\spring\spring-deep-study\WebContent\WEB-INF\lib\activemq-core-5.7.0.jar;E:\spring\spring-deep-study\WebContent\WEB-INF\lib\activemq-pool-5.7.0.jar;E:\spring\spring-deep-study\WebContent\WEB-INF\lib\aopalliance.jar;E:\spring\spring-deep-study\WebContent\WEB-INF\lib\aspectj-1.7.3.jar;E:\spring\spring-deep-study\WebContent\WEB-INF\lib\aspectjweaver-1.7.1.jar;E:\spring\spring-deep-study\WebContent\WEB-INF\lib\cglib-nodep-2.1_3.jar;E:\spring\spring-deep-study\WebContent\WEB-INF\lib\commons-beanutils.jar;E:\spring\spring-deep-study\WebContent\WEB-INF\lib\commons-codec-1.6.jar;E:\spring\spring-deep-study\WebContent\WEB-INF\lib\commons-codec-1.8.jar;E:\spring\spring-deep-study\WebContent\WEB-INF\lib\commons-collections-3.1.jar;E:\spring\spring-deep-study\WebContent\WEB-INF\lib\commons-fileupload-1.2.2.jar;E:\spring\spring-deep-study\WebContent\WEB-INF\lib\commons-io-2.0.1.jar;E:\spring\spring-deep-study\WebContent\WEB-INF\lib\commons-lang-2.4.jar;E:\spring\spring-deep-study\WebContent\WEB-INF\lib\commons-lang3-3.1.jar;E:\spring\spring-deep-study\WebContent\WEB-INF\lib\commons-logging-1.1.1.jar;E:\spring\spring-deep-study\WebContent\WEB-INF\lib\commons-pool-1.6.jar;E:\spring\spring-deep-study\WebContent\WEB-INF\lib\dom4j-1.6.1.jar;E:\spring\spring-deep-study\WebContent\WEB-INF\lib\easymock-3.1.jar;E:\spring\spring-deep-study\WebContent\WEB-INF\lib\ejb3-persistence.jar;E:\spring\spring-deep-study\WebContent\WEB-INF\lib\ezmorph-1.0.4.jar;E:\spring\spring-deep-study\WebContent\WEB-INF\lib\fastjson-1.1.9.jar;E:\spring\spring-deep-study\WebContent\WEB-INF\lib\fluent-hc-4.2.5.jar;E:\spring\spring-deep-study\WebContent\WEB-INF\lib\geronimo-j2ee-management_1.1_spec-1.0.1.jar;E:\spring\spring-deep-study\WebContent\WEB-INF\lib\geronimo-jms_1.1_spec-1.1.1.jar;E:\spring\spring-deep-study\WebContent\WEB-INF\lib\guava-13.0.1.jar;E:\spring\spring-deep-study\WebContent\WEB-INF\lib\hibernate-annotations.jar;E:\spring\spring-deep-study\WebContent\WEB-INF\lib\hibernate-commons-annotations.jar;E:\spring\spring-deep-study\WebContent\WEB-INF\lib\hibernate3.jar;E:\spring\spring-deep-study\WebContent\WEB-INF\lib\httpclient-4.2.5.jar;E:\spring\spring-deep-study\WebContent\WEB-INF\lib\httpclient-cache-4.2.5.jar;E:\spring\spring-deep-study\WebContent\WEB-INF\lib\httpcore-4.2.4.jar;E:\spring\spring-deep-study\WebContent\WEB-INF\lib\httpmime-4.2.5.jar;E:\spring\spring-deep-study\WebContent\WEB-INF\lib\jackson-core-asl-1.5.3.jar;E:\spring\spring-deep-study\WebContent\WEB-INF\lib\jackson-mapper-asl-1.5.3.jar;E:\spring\spring-deep-study\WebContent\WEB-INF\lib\javaee.jar;E:\spring\spring-deep-study\WebContent\WEB-INF\lib\javassist-3.11.0.GA.jar;E:\spring\spring-deep-study\WebContent\WEB-INF\lib\jedis-2.1.0.jar;E:\spring\spring-deep-study\WebContent\WEB-INF\lib\jsoup-1.5.2.jar;E:\spring\spring-deep-study\WebContent\WEB-INF\lib\jstl-api-1.2.jar;E:\spring\spring-deep-study\WebContent\WEB-INF\lib\jstl-impl-1.2.jar;E:\spring\spring-deep-study\WebContent\WEB-INF\lib\jstl.jar;E:\spring\spring-deep-study\WebContent\WEB-INF\lib\jta-1.1.jar;E:\spring\spring-deep-study\WebContent\WEB-INF\lib\jtds-1.2.2.jar;E:\spring\spring-deep-study\WebContent\WEB-INF\lib\jxl.jar;E:\spring\spring-deep-study\WebContent\WEB-INF\lib\logback-classic-0.9.24.jar;E:\spring\spring-deep-study\WebContent\WEB-INF\lib\logback-core-0.9.24.jar;E:\spring\spring-deep-study\WebContent\WEB-INF\lib\mongo-2.7.3.jar;E:\spring\spring-deep-study\WebContent\WEB-INF\lib\mybatis-3.0.5.jar;E:\spring\spring-deep-study\WebContent\WEB-INF\lib\mybatis-generator-core-1.3.1.jar;E:\spring\spring-deep-study\WebContent\WEB-INF\lib\mybatis-spring-1.0.1.jar;E:\spring\spring-deep-study\WebContent\WEB-INF\lib\mysql-connector-java-5.0.8-bin.jar;E:\spring\spring-deep-study\WebContent\WEB-INF\lib\org.springframework.aop-3.1.0.RELEASE.jar;E:\spring\spring-deep-study\WebContent\WEB-INF\lib\org.springframework.asm-3.1.0.RELEASE.jar;E:\spring\spring-deep-study\WebContent\WEB-INF\lib\org.springframework.aspects-3.1.0.RELEASE.jar;E:\spring\spring-deep-study\WebContent\WEB-INF\lib\org.springframework.beans-3.1.0.RELEASE.jar;E:\spring\spring-deep-study\WebContent\WEB-INF\lib\org.springframework.context-3.1.0.RELEASE.jar;E:\spring\spring-deep-study\WebContent\WEB-INF\lib\org.springframework.context.support-3.1.0.RELEASE.jar;E:\spring\spring-deep-study\WebContent\WEB-INF\lib\org.springframework.core-3.1.0.RELEASE.jar;E:\spring\spring-deep-study\WebContent\WEB-INF\lib\org.springframework.expression-3.1.0.RELEASE.jar;E:\spring\spring-deep-study\WebContent\WEB-INF\lib\org.springframework.jdbc-3.1.0.RELEASE.jar;E:\spring\spring-deep-study\WebContent\WEB-INF\lib\org.springframework.jms-3.1.0.RELEASE.jar;E:\spring\spring-deep-study\WebContent\WEB-INF\lib\org.springframework.orm-3.1.0.RELEASE.jar;E:\spring\spring-deep-study\WebContent\WEB-INF\lib\org.springframework.oxm-3.1.0.RELEASE.jar;E:\spring\spring-deep-study\WebContent\WEB-INF\lib\org.springframework.transaction-3.1.0.RELEASE.jar;E:\spring\spring-deep-study\WebContent\WEB-INF\lib\org.springframework.web-3.1.0.RELEASE.jar;E:\spring\spring-deep-study\WebContent\WEB-INF\lib\org.springframework.web.portlet-3.1.0.RELEASE.jar;E:\spring\spring-deep-study\WebContent\WEB-INF\lib\org.springframework.web.servlet-3.1.0.RELEASE.jar;E:\spring\spring-deep-study\WebContent\WEB-INF\lib\servlet-api.jar;E:\spring\spring-deep-study\WebContent\WEB-INF\lib\slf4j-api-1.6.1.jar;E:\spring\spring-deep-study\WebContent\WEB-INF\lib\spring-aop-1.2.6.jar;E:\spring\spring-deep-study\WebContent\WEB-INF\lib\spring-data-commons-core-1.2.1.RELEASE.jar;E:\spring\spring-deep-study\WebContent\WEB-INF\lib\spring-data-mongodb-1.0.1.RELEASE.jar;E:\spring\spring-deep-study\WebContent\WEB-INF\lib\spring-data-redis-1.0.2.RELEASE.jar;E:\spring\spring-deep-study\WebContent\WEB-INF\lib\spring-security-acl-3.1.4.RELEASE.jar;E:\spring\spring-deep-study\WebContent\WEB-INF\lib\spring-security-aspects-3.1.4.RELEASE.jar;E:\spring\spring-deep-study\WebContent\WEB-INF\lib\spring-security-cas-3.1.4.RELEASE.jar;E:\spring\spring-deep-study\WebContent\WEB-INF\lib\spring-security-config-3.1.4.RELEASE.jar;E:\spring\spring-deep-study\WebContent\WEB-INF\lib\spring-security-core-3.1.4.RELEASE.jar;E:\spring\spring-deep-study\WebContent\WEB-INF\lib\spring-security-crypto-3.1.4.RELEASE.jar;E:\spring\spring-deep-study\WebContent\WEB-INF\lib\spring-security-ldap-3.1.4.RELEASE.jar;E:\spring\spring-deep-study\WebContent\WEB-INF\lib\spring-security-openid-3.1.4.RELEASE.jar;E:\spring\spring-deep-study\WebContent\WEB-INF\lib\spring-security-remoting-3.1.4.RELEASE.jar;E:\spring\spring-deep-study\WebContent\WEB-INF\lib\spring-security-taglibs-3.1.4.RELEASE.jar;E:\spring\spring-deep-study\WebContent\WEB-INF\lib\spring-security-web-3.1.4.RELEASE.jar;E:\spring\spring-deep-study\WebContent\WEB-INF\lib\spymemcached-2.8.4.jar;E:\spring\spring-deep-study\WebContent\WEB-INF\lib\standard.jar, user.name=Administrator, hibernate.bytecode.use_reflection_optimizer=false, hibernate.show_sql=true, java.vm.specification.version=1.0, sun.arch.data.model=64, java.home=C:\Program Files\Java\jdk1.6.0_26\jre, sun.java.command=com.spring.spring.TestSping, hibernate.dialect=org.hibernate.dialect.MySQLDialect, java.specification.vendor=Sun Microsystems Inc., user.language=zh, awt.toolkit=sun.awt.windows.WToolkit, java.vm.info=mixed mode, java.version=1.6.0_26, java.ext.dirs=C:\Program Files\Java\jdk1.6.0_26\jre\lib\ext;C:\Windows\Sun\Java\lib\ext, sun.boot.class.path=C:\Program Files\Java\jdk1.6.0_26\jre\lib\resources.jar;C:\Program Files\Java\jdk1.6.0_26\jre\lib\rt.jar;C:\Program Files\Java\jdk1.6.0_26\jre\lib\sunrsasign.jar;C:\Program Files\Java\jdk1.6.0_26\jre\lib\jsse.jar;C:\Program Files\Java\jdk1.6.0_26\jre\lib\jce.jar;C:\Program Files\Java\jdk1.6.0_26\jre\lib\charsets.jar;C:\Program Files\Java\jdk1.6.0_26\jre\lib\modules\jdk.boot.jar;C:\Program Files\Java\jdk1.6.0_26\jre\classes, java.vendor=Sun Microsystems Inc., file.separator=\, java.vendor.url.bug=http://java.sun.com/cgi-bin/bugreport.cgi, hibernate.connection.provider_class=org.springframework.orm.hibernate3.LocalDataSourceConnectionProvider, sun.cpu.endian=little, sun.io.unicode.encoding=UnicodeLittle, sun.desktop=windows, sun.cpu.isalist=amd64}
10:30:11.020 [main] DEBUG o.h.p.e.AbstractEntityPersister 2756 - Static SQL for entity: com.spring.hibernate.entity.Ship
10:30:11.020 [main] DEBUG o.h.p.e.AbstractEntityPersister 2761 -  Version select: select id from tb_ship_cop where id =?
10:30:11.020 [main] DEBUG o.h.p.e.AbstractEntityPersister 2764 -  Snapshot select: select ship_.id, ship_.name as name0_, ship_.createTime as createTime0_ from tb_ship_cop ship_ where ship_.id=?
10:30:11.021 [main] DEBUG o.h.p.e.AbstractEntityPersister 2767 -  Insert 0: insert into tb_ship_cop (name, createTime, id) values (?, ?, ?)
10:30:11.021 [main] DEBUG o.h.p.e.AbstractEntityPersister 2768 -  Update 0: update tb_ship_cop set name=?, createTime=? where id=?
10:30:11.021 [main] DEBUG o.h.p.e.AbstractEntityPersister 2769 -  Delete 0: delete from tb_ship_cop where id=?
10:30:11.037 [main] DEBUG o.h.loader.entity.EntityLoader 102 - Static select for entity com.spring.hibernate.entity.Ship: select ship0_.id as id0_0_, ship0_.name as name0_0_, ship0_.createTime as createTime0_0_ from tb_ship_cop ship0_ where ship0_.id=?
10:30:11.037 [main] DEBUG o.h.loader.entity.EntityLoader 102 - Static select for entity com.spring.hibernate.entity.Ship: select ship0_.id as id0_0_, ship0_.name as name0_0_, ship0_.createTime as createTime0_0_ from tb_ship_cop ship0_ where ship0_.id=?
10:30:11.038 [main] DEBUG o.h.loader.entity.EntityLoader 102 - Static select for entity com.spring.hibernate.entity.Ship: select ship0_.id as id0_0_, ship0_.name as name0_0_, ship0_.createTime as createTime0_0_ from tb_ship_cop ship0_ where ship0_.id=? for update
10:30:11.038 [main] DEBUG o.h.loader.entity.EntityLoader 102 - Static select for entity com.spring.hibernate.entity.Ship: select ship0_.id as id0_0_, ship0_.name as name0_0_, ship0_.createTime as createTime0_0_ from tb_ship_cop ship0_ where ship0_.id=? for update
10:30:11.039 [main] DEBUG o.h.loader.entity.EntityLoader 102 - Static select for entity com.spring.hibernate.entity.Ship: select ship0_.id as id0_0_, ship0_.name as name0_0_, ship0_.createTime as createTime0_0_ from tb_ship_cop ship0_ where ship0_.id=? for update
10:30:11.047 [main] DEBUG o.h.loader.entity.EntityLoader 57 - Static select for action ACTION_MERGE on entity com.spring.hibernate.entity.Ship: select ship0_.id as id0_0_, ship0_.name as name0_0_, ship0_.createTime as createTime0_0_ from tb_ship_cop ship0_ where ship0_.id=?
10:30:11.048 [main] DEBUG o.h.loader.entity.EntityLoader 57 - Static select for action ACTION_REFRESH on entity com.spring.hibernate.entity.Ship: select ship0_.id as id0_0_, ship0_.name as name0_0_, ship0_.createTime as createTime0_0_ from tb_ship_cop ship0_ where ship0_.id=?
10:30:11.052 [main] DEBUG o.h.i.SessionFactoryObjectFactory 62 - initializing class SessionFactoryObjectFactory
10:30:11.053 [main] DEBUG o.h.i.SessionFactoryObjectFactory 99 - registered: 40288235430389fa01430389fb6a0000 (unnamed)
10:30:11.054 [main] INFO  o.h.i.SessionFactoryObjectFactory 105 - Not binding factory to JNDI, no JNDI name configured
10:30:11.054 [main] DEBUG o.h.impl.SessionFactoryImpl 350 - instantiated session factory
10:30:11.055 [main] DEBUG o.h.impl.SessionFactoryImpl 474 - Checking 0 named HQL queries
10:30:11.055 [main] DEBUG o.h.impl.SessionFactoryImpl 494 - Checking 0 named SQL queries
11:00:48.048 [main] DEBUG o.a.ibatis.logging.LogFactory 28 - Logging initialized using 'org.apache.ibatis.logging.slf4j.Slf4jImpl' adapter.
11:00:48.115 [main] DEBUG o.m.s.SqlSessionFactoryBean 28 - Property 'configLocation' not specified, using default MyBatis Configuration
11:00:48.148 [main] DEBUG o.a.ibatis.io.ResolverUtil 28 - Listing classes in file:/E:/spring/spring-deep-study/build/classes/com/model
11:00:48.148 [main] DEBUG o.a.ibatis.io.ResolverUtil 28 - Find JAR URL: file:/E:/spring/spring-deep-study/build/classes/com/model
11:00:48.148 [main] DEBUG o.a.ibatis.io.ResolverUtil 28 - Not a JAR: file:/E:/spring/spring-deep-study/build/classes/com/model
11:00:48.232 [main] DEBUG o.a.ibatis.io.ResolverUtil 28 - Reader entry: CloneAbleEntity.class
11:00:48.232 [main] DEBUG o.a.ibatis.io.ResolverUtil 28 - Reader entry: Ship.class
11:00:48.233 [main] DEBUG o.a.ibatis.io.ResolverUtil 28 - Reader entry: TbHandler.class
11:00:48.233 [main] DEBUG o.a.ibatis.io.ResolverUtil 28 - Reader entry: Test.class
11:00:48.233 [main] DEBUG o.a.ibatis.io.ResolverUtil 28 - Found class file: com/model/CloneAbleEntity.class
11:00:48.234 [main] DEBUG o.a.ibatis.io.ResolverUtil 28 - Found class file: com/model/Ship.class
11:00:48.234 [main] DEBUG o.a.ibatis.io.ResolverUtil 28 - Found class file: com/model/TbHandler.class
11:00:48.235 [main] DEBUG o.a.ibatis.io.ResolverUtil 28 - Found class file: com/model/Test.class
11:00:48.235 [main] DEBUG o.a.ibatis.io.ResolverUtil 28 - Checking to see if class com.model.CloneAbleEntity matches criteria [is assignable to Object]
11:00:48.236 [main] DEBUG o.a.ibatis.io.ResolverUtil 28 - Checking to see if class com.model.Ship matches criteria [is assignable to Object]
11:00:48.236 [main] DEBUG o.a.ibatis.io.ResolverUtil 28 - Checking to see if class com.model.TbHandler matches criteria [is assignable to Object]
11:00:48.237 [main] DEBUG o.a.ibatis.io.ResolverUtil 28 - Checking to see if class com.model.Test matches criteria [is assignable to Object]
11:00:48.238 [main] DEBUG o.m.s.SqlSessionFactoryBean 28 - Scanned package: 'com.model' for aliases
11:00:48.330 [main] DEBUG o.m.s.SqlSessionFactoryBean 28 - Parsed mapper file: 'file [E:\spring\spring-deep-study\build\classes\com\spring\mybatis\dao\mapper\ShipMapper.xml]'
11:00:48.441 [main] INFO  o.h.cfg.annotations.Version 15 - Hibernate Annotations 3.4.0.GA
11:00:48.455 [main] INFO  org.hibernate.cfg.Environment 560 - Hibernate 3.3.2.GA
11:00:48.457 [main] INFO  org.hibernate.cfg.Environment 593 - hibernate.properties not found
11:00:48.462 [main] INFO  org.hibernate.cfg.Environment 771 - Bytecode provider name : javassist
11:00:48.465 [main] INFO  org.hibernate.cfg.Environment 652 - using JDK 1.4 java.sql.Timestamp handling
11:00:48.518 [main] INFO  o.h.annotations.common.Version 14 - Hibernate Commons Annotations 3.1.0.GA
11:00:48.543 [main] DEBUG o.h.util.DTDEntityResolver 64 - trying to resolve system-id [http://hibernate.sourceforge.net/hibernate-mapping-3.0.dtd]
11:00:48.543 [main] DEBUG o.h.util.DTDEntityResolver 66 - recognized hibernate namespace; attempting to resolve on classpath under org/hibernate/
11:00:48.544 [main] DEBUG o.h.util.DTDEntityResolver 76 - located [http://hibernate.sourceforge.net/hibernate-mapping-3.0.dtd] in classpath
11:00:48.582 [main] DEBUG o.h.c.AnnotationConfiguration 258 - Execute first pass mapping processing
11:00:48.609 [main] DEBUG o.h.c.AnnotationConfiguration 529 - Process hbm files
11:00:48.624 [main] INFO  org.hibernate.cfg.HbmBinder 322 - Mapping class: com.spring.hibernate.entity.Ship -> tb_ship_cop
11:00:48.628 [main] DEBUG org.hibernate.cfg.HbmBinder 1289 - Mapped property: id -> id
11:00:48.634 [main] DEBUG org.hibernate.cfg.HbmBinder 1289 - Mapped property: name -> name
11:00:48.634 [main] DEBUG org.hibernate.cfg.HbmBinder 1289 - Mapped property: create -> createTime
11:00:48.635 [main] DEBUG o.h.c.AnnotationConfiguration 537 - Process annotated classes
11:00:48.635 [main] DEBUG o.h.c.AnnotationConfiguration 401 - processing fk mappings (*ToOne and JoinedSubclass)
11:00:48.635 [main] DEBUG o.hibernate.cfg.Configuration 1167 - processing extends queue
11:00:48.635 [main] DEBUG o.hibernate.cfg.Configuration 1171 - processing collection mappings
11:00:48.636 [main] DEBUG o.hibernate.cfg.Configuration 1182 - processing native query and ResultSetMapping mappings
11:00:48.636 [main] DEBUG o.hibernate.cfg.Configuration 1190 - processing association property references
11:00:48.636 [main] DEBUG o.hibernate.cfg.Configuration 1212 - processing foreign key constraints
11:00:48.640 [main] INFO  o.h.c.AnnotationConfiguration 369 - Hibernate Validator not found: ignoring
11:00:48.641 [main] DEBUG o.h.c.AnnotationConfiguration 806 - Validator not present in classpath, ignoring event listener registration
11:00:48.643 [main] DEBUG o.h.c.s.HibernateSearchEventListenerRegister 209 - Search not present in classpath, ignoring event listener registration.
11:00:48.643 [main] INFO  o.h.c.s.HibernateSearchEventListenerRegister 53 - Unable to find org.hibernate.search.event.FullTextIndexEventListener on the classpath. Hibernate Search is not enabled.
11:00:48.644 [main] DEBUG o.hibernate.cfg.Configuration 1332 - Preparing to build session factory with filters : {}
11:00:48.644 [main] DEBUG o.h.c.AnnotationConfiguration 258 - Execute first pass mapping processing
11:00:48.644 [main] DEBUG o.h.c.AnnotationConfiguration 529 - Process hbm files
11:00:48.644 [main] DEBUG o.h.c.AnnotationConfiguration 537 - Process annotated classes
11:00:48.645 [main] DEBUG o.h.c.AnnotationConfiguration 401 - processing fk mappings (*ToOne and JoinedSubclass)
11:00:48.645 [main] DEBUG o.hibernate.cfg.Configuration 1167 - processing extends queue
11:00:48.645 [main] DEBUG o.hibernate.cfg.Configuration 1171 - processing collection mappings
11:00:48.645 [main] DEBUG o.hibernate.cfg.Configuration 1182 - processing native query and ResultSetMapping mappings
11:00:48.645 [main] DEBUG o.hibernate.cfg.Configuration 1190 - processing association property references
11:00:48.646 [main] DEBUG o.hibernate.cfg.Configuration 1212 - processing foreign key constraints
11:00:48.686 [main] INFO  o.h.c.ConnectionProviderFactory 95 - Initializing connection provider: org.springframework.orm.hibernate3.LocalDataSourceConnectionProvider
11:00:48.851 [main] INFO  o.h.cfg.SettingsFactory 114 - RDBMS: MySQL, version: 5.6.14
11:00:48.851 [main] INFO  o.h.cfg.SettingsFactory 115 - JDBC driver: MySQL-AB JDBC Driver, version: mysql-connector-java-5.0.8 ( Revision: ${svn.Revision} )
11:00:48.868 [main] INFO  org.hibernate.dialect.Dialect 175 - Using dialect: org.hibernate.dialect.MySQLDialect
11:00:48.872 [main] INFO  o.h.t.TransactionFactoryFactory 62 - Transaction strategy: org.springframework.orm.hibernate3.SpringTransactionFactory
11:00:48.873 [main] INFO  o.h.t.TransactionManagerLookupFactory 80 - No TransactionManagerLookup configured (in JTA environment, use of read-write or transactional second-level cache is not recommended)
11:00:48.873 [main] INFO  o.h.cfg.SettingsFactory 161 - Automatic flush during beforeCompletion(): disabled
11:00:48.874 [main] INFO  o.h.cfg.SettingsFactory 165 - Automatic session close at end of transaction: disabled
11:00:48.874 [main] INFO  o.h.cfg.SettingsFactory 172 - JDBC batch size: 15
11:00:48.874 [main] INFO  o.h.cfg.SettingsFactory 175 - JDBC batch updates for versioned data: disabled
11:00:48.875 [main] INFO  o.h.cfg.SettingsFactory 180 - Scrollable result sets: enabled
11:00:48.875 [main] DEBUG o.h.cfg.SettingsFactory 184 - Wrap result sets: disabled
11:00:48.875 [main] INFO  o.h.cfg.SettingsFactory 188 - JDBC3 getGeneratedKeys(): enabled
11:00:48.876 [main] INFO  o.h.cfg.SettingsFactory 196 - Connection release mode: auto
11:00:48.876 [main] INFO  o.h.cfg.SettingsFactory 220 - Maximum outer join fetch depth: 2
11:00:48.877 [main] INFO  o.h.cfg.SettingsFactory 223 - Default batch fetch size: 1
11:00:48.877 [main] INFO  o.h.cfg.SettingsFactory 227 - Generate SQL with comments: disabled
11:00:48.877 [main] INFO  o.h.cfg.SettingsFactory 231 - Order SQL updates by primary key: disabled
11:00:48.877 [main] INFO  o.h.cfg.SettingsFactory 235 - Order SQL inserts for batching: disabled
11:00:48.878 [main] INFO  o.h.cfg.SettingsFactory 397 - Query translator: org.hibernate.hql.ast.ASTQueryTranslatorFactory
11:00:48.879 [main] INFO  o.h.h.a.ASTQueryTranslatorFactory 47 - Using ASTQueryTranslatorFactory
11:00:48.879 [main] INFO  o.h.cfg.SettingsFactory 243 - Query language substitutions: {}
11:00:48.880 [main] INFO  o.h.cfg.SettingsFactory 248 - JPA-QL strict compliance: disabled
11:00:48.880 [main] INFO  o.h.cfg.SettingsFactory 253 - Second-level cache: enabled
11:00:48.880 [main] INFO  o.h.cfg.SettingsFactory 257 - Query cache: disabled
11:00:48.880 [main] INFO  o.h.cfg.SettingsFactory 382 - Cache region factory : org.hibernate.cache.impl.NoCachingRegionFactory
11:00:48.881 [main] INFO  o.h.cfg.SettingsFactory 267 - Optimize cache for minimal puts: disabled
11:00:48.881 [main] INFO  o.h.cfg.SettingsFactory 276 - Structured second-level cache entries: disabled
11:00:48.882 [main] TRACE o.h.e.SQLExceptionConverterFactory 75 - Using dialect defined converter
11:00:48.884 [main] INFO  o.h.cfg.SettingsFactory 296 - Echoing all SQL to stdout
11:00:48.885 [main] INFO  o.h.cfg.SettingsFactory 305 - Statistics: disabled
11:00:48.885 [main] INFO  o.h.cfg.SettingsFactory 309 - Deleted entity synthetic identifier rollback: disabled
11:00:48.885 [main] INFO  o.h.cfg.SettingsFactory 324 - Default entity-mode: pojo
11:00:48.886 [main] INFO  o.h.cfg.SettingsFactory 328 - Named query checking : enabled
11:00:48.910 [main] INFO  o.h.impl.SessionFactoryImpl 193 - building session factory
11:00:48.912 [main] DEBUG o.h.impl.SessionFactoryImpl 211 - Session factory constructed with filter configurations : {}
11:00:48.913 [main] DEBUG o.h.impl.SessionFactoryImpl 215 - instantiating session factory with properties: {java.runtime.name=Java(TM) SE Runtime Environment, sun.boot.library.path=C:\Program Files\Java\jdk1.6.0_26\jre\bin, java.vm.version=20.1-b02, java.vm.vendor=Sun Microsystems Inc., java.vendor.url=http://java.sun.com/, path.separator=;, java.vm.name=Java HotSpot(TM) 64-Bit Server VM, file.encoding.pkg=sun.io, user.country=CN, sun.java.launcher=SUN_STANDARD, sun.os.patch.level=Service Pack 1, java.vm.specification.name=Java Virtual Machine Specification, user.dir=E:\spring\spring-deep-study, java.runtime.version=1.6.0_26-b03, java.awt.graphicsenv=sun.awt.Win32GraphicsEnvironment, hibernate.current_session_context_class=org.springframework.orm.hibernate3.SpringSessionContext, java.endorsed.dirs=C:\Program Files\Java\jdk1.6.0_26\jre\lib\endorsed, os.arch=amd64, java.io.tmpdir=C:\Users\ADMINI~1\AppData\Local\Temp\, line.separator=
, java.vm.specification.vendor=Sun Microsystems Inc., user.variant=, os.name=Windows 7, sun.jnu.encoding=GBK, java.library.path=C:\Program Files\Java\jdk1.6.0_26\bin;C:\Windows\Sun\Java\bin;C:\Windows\system32;C:\Windows;C:\Program Files\Broadcom\Broadcom 802.11 Network Adapter\Driver;C:\Windows\system32;C:\Windows;C:\Windows\System32\Wbem;C:\Windows\System32\WindowsPowerShell\v1.0\;C:\Program Files\Lenovo\Bluetooth Software\;C:\Program Files\Lenovo\Bluetooth Software\syswow64;C:\Program Files (x86)\Intel\OpenCL SDK\2.0\bin\x86;C:\Program Files (x86)\Intel\OpenCL SDK\2.0\bin\x64;C:\Program Files\TortoiseSVN\bin;C:\Program Files\TortoiseGit\bin;E:\apache-ant-1.9.1\bin;E:\tools\apache-maven-3.1.0-alpha-1-bin\apache-maven-3.1.0-alpha-1\bin;D:\gradle-1.7\bin;;., java.specification.name=Java Platform API Specification, java.class.version=50.0, sun.management.compiler=HotSpot 64-Bit Tiered Compilers, hibernate.transaction.factory_class=org.springframework.orm.hibernate3.SpringTransactionFactory, os.version=6.1, user.home=C:\Users\Administrator, user.timezone=Asia/Shanghai, java.awt.printerjob=sun.awt.windows.WPrinterJob, file.encoding=UTF-8, java.specification.version=1.6, java.class.path=E:\spring\spring-deep-study\build\classes;E:\spring\spring-deep-study\WebContent\WEB-INF\lib\activemq-core-5.7.0.jar;E:\spring\spring-deep-study\WebContent\WEB-INF\lib\activemq-pool-5.7.0.jar;E:\spring\spring-deep-study\WebContent\WEB-INF\lib\aopalliance.jar;E:\spring\spring-deep-study\WebContent\WEB-INF\lib\aspectj-1.7.3.jar;E:\spring\spring-deep-study\WebContent\WEB-INF\lib\aspectjweaver-1.7.1.jar;E:\spring\spring-deep-study\WebContent\WEB-INF\lib\cglib-nodep-2.1_3.jar;E:\spring\spring-deep-study\WebContent\WEB-INF\lib\commons-beanutils.jar;E:\spring\spring-deep-study\WebContent\WEB-INF\lib\commons-codec-1.6.jar;E:\spring\spring-deep-study\WebContent\WEB-INF\lib\commons-codec-1.8.jar;E:\spring\spring-deep-study\WebContent\WEB-INF\lib\commons-collections-3.1.jar;E:\spring\spring-deep-study\WebContent\WEB-INF\lib\commons-fileupload-1.2.2.jar;E:\spring\spring-deep-study\WebContent\WEB-INF\lib\commons-io-2.0.1.jar;E:\spring\spring-deep-study\WebContent\WEB-INF\lib\commons-lang-2.4.jar;E:\spring\spring-deep-study\WebContent\WEB-INF\lib\commons-lang3-3.1.jar;E:\spring\spring-deep-study\WebContent\WEB-INF\lib\commons-logging-1.1.1.jar;E:\spring\spring-deep-study\WebContent\WEB-INF\lib\commons-pool-1.6.jar;E:\spring\spring-deep-study\WebContent\WEB-INF\lib\dom4j-1.6.1.jar;E:\spring\spring-deep-study\WebContent\WEB-INF\lib\easymock-3.1.jar;E:\spring\spring-deep-study\WebContent\WEB-INF\lib\ejb3-persistence.jar;E:\spring\spring-deep-study\WebContent\WEB-INF\lib\ezmorph-1.0.4.jar;E:\spring\spring-deep-study\WebContent\WEB-INF\lib\fastjson-1.1.9.jar;E:\spring\spring-deep-study\WebContent\WEB-INF\lib\fluent-hc-4.2.5.jar;E:\spring\spring-deep-study\WebContent\WEB-INF\lib\geronimo-j2ee-management_1.1_spec-1.0.1.jar;E:\spring\spring-deep-study\WebContent\WEB-INF\lib\geronimo-jms_1.1_spec-1.1.1.jar;E:\spring\spring-deep-study\WebContent\WEB-INF\lib\guava-13.0.1.jar;E:\spring\spring-deep-study\WebContent\WEB-INF\lib\hibernate-annotations.jar;E:\spring\spring-deep-study\WebContent\WEB-INF\lib\hibernate-commons-annotations.jar;E:\spring\spring-deep-study\WebContent\WEB-INF\lib\hibernate3.jar;E:\spring\spring-deep-study\WebContent\WEB-INF\lib\httpclient-4.2.5.jar;E:\spring\spring-deep-study\WebContent\WEB-INF\lib\httpclient-cache-4.2.5.jar;E:\spring\spring-deep-study\WebContent\WEB-INF\lib\httpcore-4.2.4.jar;E:\spring\spring-deep-study\WebContent\WEB-INF\lib\httpmime-4.2.5.jar;E:\spring\spring-deep-study\WebContent\WEB-INF\lib\jackson-core-asl-1.5.3.jar;E:\spring\spring-deep-study\WebContent\WEB-INF\lib\jackson-mapper-asl-1.5.3.jar;E:\spring\spring-deep-study\WebContent\WEB-INF\lib\javaee.jar;E:\spring\spring-deep-study\WebContent\WEB-INF\lib\javassist-3.11.0.GA.jar;E:\spring\spring-deep-study\WebContent\WEB-INF\lib\jedis-2.1.0.jar;E:\spring\spring-deep-study\WebContent\WEB-INF\lib\jsoup-1.5.2.jar;E:\spring\spring-deep-study\WebContent\WEB-INF\lib\jstl-api-1.2.jar;E:\spring\spring-deep-study\WebContent\WEB-INF\lib\jstl-impl-1.2.jar;E:\spring\spring-deep-study\WebContent\WEB-INF\lib\jstl.jar;E:\spring\spring-deep-study\WebContent\WEB-INF\lib\jta-1.1.jar;E:\spring\spring-deep-study\WebContent\WEB-INF\lib\jtds-1.2.2.jar;E:\spring\spring-deep-study\WebContent\WEB-INF\lib\jxl.jar;E:\spring\spring-deep-study\WebContent\WEB-INF\lib\logback-classic-0.9.24.jar;E:\spring\spring-deep-study\WebContent\WEB-INF\lib\logback-core-0.9.24.jar;E:\spring\spring-deep-study\WebContent\WEB-INF\lib\mongo-2.7.3.jar;E:\spring\spring-deep-study\WebContent\WEB-INF\lib\mybatis-3.0.5.jar;E:\spring\spring-deep-study\WebContent\WEB-INF\lib\mybatis-generator-core-1.3.1.jar;E:\spring\spring-deep-study\WebContent\WEB-INF\lib\mybatis-spring-1.0.1.jar;E:\spring\spring-deep-study\WebContent\WEB-INF\lib\mysql-connector-java-5.0.8-bin.jar;E:\spring\spring-deep-study\WebContent\WEB-INF\lib\org.springframework.aop-3.1.0.RELEASE.jar;E:\spring\spring-deep-study\WebContent\WEB-INF\lib\org.springframework.asm-3.1.0.RELEASE.jar;E:\spring\spring-deep-study\WebContent\WEB-INF\lib\org.springframework.aspects-3.1.0.RELEASE.jar;E:\spring\spring-deep-study\WebContent\WEB-INF\lib\org.springframework.beans-3.1.0.RELEASE.jar;E:\spring\spring-deep-study\WebContent\WEB-INF\lib\org.springframework.context-3.1.0.RELEASE.jar;E:\spring\spring-deep-study\WebContent\WEB-INF\lib\org.springframework.context.support-3.1.0.RELEASE.jar;E:\spring\spring-deep-study\WebContent\WEB-INF\lib\org.springframework.core-3.1.0.RELEASE.jar;E:\spring\spring-deep-study\WebContent\WEB-INF\lib\org.springframework.expression-3.1.0.RELEASE.jar;E:\spring\spring-deep-study\WebContent\WEB-INF\lib\org.springframework.jdbc-3.1.0.RELEASE.jar;E:\spring\spring-deep-study\WebContent\WEB-INF\lib\org.springframework.jms-3.1.0.RELEASE.jar;E:\spring\spring-deep-study\WebContent\WEB-INF\lib\org.springframework.orm-3.1.0.RELEASE.jar;E:\spring\spring-deep-study\WebContent\WEB-INF\lib\org.springframework.oxm-3.1.0.RELEASE.jar;E:\spring\spring-deep-study\WebContent\WEB-INF\lib\org.springframework.transaction-3.1.0.RELEASE.jar;E:\spring\spring-deep-study\WebContent\WEB-INF\lib\org.springframework.web-3.1.0.RELEASE.jar;E:\spring\spring-deep-study\WebContent\WEB-INF\lib\org.springframework.web.portlet-3.1.0.RELEASE.jar;E:\spring\spring-deep-study\WebContent\WEB-INF\lib\org.springframework.web.servlet-3.1.0.RELEASE.jar;E:\spring\spring-deep-study\WebContent\WEB-INF\lib\servlet-api.jar;E:\spring\spring-deep-study\WebContent\WEB-INF\lib\slf4j-api-1.6.1.jar;E:\spring\spring-deep-study\WebContent\WEB-INF\lib\spring-aop-1.2.6.jar;E:\spring\spring-deep-study\WebContent\WEB-INF\lib\spring-data-commons-core-1.2.1.RELEASE.jar;E:\spring\spring-deep-study\WebContent\WEB-INF\lib\spring-data-mongodb-1.0.1.RELEASE.jar;E:\spring\spring-deep-study\WebContent\WEB-INF\lib\spring-data-redis-1.0.2.RELEASE.jar;E:\spring\spring-deep-study\WebContent\WEB-INF\lib\spring-security-acl-3.1.4.RELEASE.jar;E:\spring\spring-deep-study\WebContent\WEB-INF\lib\spring-security-aspects-3.1.4.RELEASE.jar;E:\spring\spring-deep-study\WebContent\WEB-INF\lib\spring-security-cas-3.1.4.RELEASE.jar;E:\spring\spring-deep-study\WebContent\WEB-INF\lib\spring-security-config-3.1.4.RELEASE.jar;E:\spring\spring-deep-study\WebContent\WEB-INF\lib\spring-security-core-3.1.4.RELEASE.jar;E:\spring\spring-deep-study\WebContent\WEB-INF\lib\spring-security-crypto-3.1.4.RELEASE.jar;E:\spring\spring-deep-study\WebContent\WEB-INF\lib\spring-security-ldap-3.1.4.RELEASE.jar;E:\spring\spring-deep-study\WebContent\WEB-INF\lib\spring-security-openid-3.1.4.RELEASE.jar;E:\spring\spring-deep-study\WebContent\WEB-INF\lib\spring-security-remoting-3.1.4.RELEASE.jar;E:\spring\spring-deep-study\WebContent\WEB-INF\lib\spring-security-taglibs-3.1.4.RELEASE.jar;E:\spring\spring-deep-study\WebContent\WEB-INF\lib\spring-security-web-3.1.4.RELEASE.jar;E:\spring\spring-deep-study\WebContent\WEB-INF\lib\spymemcached-2.8.4.jar;E:\spring\spring-deep-study\WebContent\WEB-INF\lib\standard.jar, user.name=Administrator, hibernate.bytecode.use_reflection_optimizer=false, hibernate.show_sql=true, java.vm.specification.version=1.0, sun.arch.data.model=64, java.home=C:\Program Files\Java\jdk1.6.0_26\jre, sun.java.command=com.spring.spring.TestSping, hibernate.dialect=org.hibernate.dialect.MySQLDialect, java.specification.vendor=Sun Microsystems Inc., user.language=zh, awt.toolkit=sun.awt.windows.WToolkit, java.vm.info=mixed mode, java.version=1.6.0_26, java.ext.dirs=C:\Program Files\Java\jdk1.6.0_26\jre\lib\ext;C:\Windows\Sun\Java\lib\ext, sun.boot.class.path=C:\Program Files\Java\jdk1.6.0_26\jre\lib\resources.jar;C:\Program Files\Java\jdk1.6.0_26\jre\lib\rt.jar;C:\Program Files\Java\jdk1.6.0_26\jre\lib\sunrsasign.jar;C:\Program Files\Java\jdk1.6.0_26\jre\lib\jsse.jar;C:\Program Files\Java\jdk1.6.0_26\jre\lib\jce.jar;C:\Program Files\Java\jdk1.6.0_26\jre\lib\charsets.jar;C:\Program Files\Java\jdk1.6.0_26\jre\lib\modules\jdk.boot.jar;C:\Program Files\Java\jdk1.6.0_26\jre\classes, java.vendor=Sun Microsystems Inc., file.separator=\, java.vendor.url.bug=http://java.sun.com/cgi-bin/bugreport.cgi, hibernate.connection.provider_class=org.springframework.orm.hibernate3.LocalDataSourceConnectionProvider, sun.cpu.endian=little, sun.io.unicode.encoding=UnicodeLittle, sun.desktop=windows, sun.cpu.isalist=amd64}
11:00:49.050 [main] DEBUG o.h.p.e.AbstractEntityPersister 2756 - Static SQL for entity: com.spring.hibernate.entity.Ship
11:00:49.051 [main] DEBUG o.h.p.e.AbstractEntityPersister 2761 -  Version select: select id from tb_ship_cop where id =?
11:00:49.051 [main] DEBUG o.h.p.e.AbstractEntityPersister 2764 -  Snapshot select: select ship_.id, ship_.name as name0_, ship_.createTime as createTime0_ from tb_ship_cop ship_ where ship_.id=?
11:00:49.052 [main] DEBUG o.h.p.e.AbstractEntityPersister 2767 -  Insert 0: insert into tb_ship_cop (name, createTime, id) values (?, ?, ?)
11:00:49.052 [main] DEBUG o.h.p.e.AbstractEntityPersister 2768 -  Update 0: update tb_ship_cop set name=?, createTime=? where id=?
11:00:49.052 [main] DEBUG o.h.p.e.AbstractEntityPersister 2769 -  Delete 0: delete from tb_ship_cop where id=?
11:00:49.079 [main] DEBUG o.h.loader.entity.EntityLoader 102 - Static select for entity com.spring.hibernate.entity.Ship: select ship0_.id as id0_0_, ship0_.name as name0_0_, ship0_.createTime as createTime0_0_ from tb_ship_cop ship0_ where ship0_.id=?
11:00:49.080 [main] DEBUG o.h.loader.entity.EntityLoader 102 - Static select for entity com.spring.hibernate.entity.Ship: select ship0_.id as id0_0_, ship0_.name as name0_0_, ship0_.createTime as createTime0_0_ from tb_ship_cop ship0_ where ship0_.id=?
11:00:49.080 [main] DEBUG o.h.loader.entity.EntityLoader 102 - Static select for entity com.spring.hibernate.entity.Ship: select ship0_.id as id0_0_, ship0_.name as name0_0_, ship0_.createTime as createTime0_0_ from tb_ship_cop ship0_ where ship0_.id=? for update
11:00:49.080 [main] DEBUG o.h.loader.entity.EntityLoader 102 - Static select for entity com.spring.hibernate.entity.Ship: select ship0_.id as id0_0_, ship0_.name as name0_0_, ship0_.createTime as createTime0_0_ from tb_ship_cop ship0_ where ship0_.id=? for update
11:00:49.081 [main] DEBUG o.h.loader.entity.EntityLoader 102 - Static select for entity com.spring.hibernate.entity.Ship: select ship0_.id as id0_0_, ship0_.name as name0_0_, ship0_.createTime as createTime0_0_ from tb_ship_cop ship0_ where ship0_.id=? for update
11:00:49.087 [main] DEBUG o.h.loader.entity.EntityLoader 57 - Static select for action ACTION_MERGE on entity com.spring.hibernate.entity.Ship: select ship0_.id as id0_0_, ship0_.name as name0_0_, ship0_.createTime as createTime0_0_ from tb_ship_cop ship0_ where ship0_.id=?
11:00:49.088 [main] DEBUG o.h.loader.entity.EntityLoader 57 - Static select for action ACTION_REFRESH on entity com.spring.hibernate.entity.Ship: select ship0_.id as id0_0_, ship0_.name as name0_0_, ship0_.createTime as createTime0_0_ from tb_ship_cop ship0_ where ship0_.id=?
11:00:49.093 [main] DEBUG o.h.i.SessionFactoryObjectFactory 62 - initializing class SessionFactoryObjectFactory
11:00:49.095 [main] DEBUG o.h.i.SessionFactoryObjectFactory 99 - registered: 402882354303a606014303a607420000 (unnamed)
11:00:49.096 [main] INFO  o.h.i.SessionFactoryObjectFactory 105 - Not binding factory to JNDI, no JNDI name configured
11:00:49.096 [main] DEBUG o.h.impl.SessionFactoryImpl 350 - instantiated session factory
11:00:49.097 [main] DEBUG o.h.impl.SessionFactoryImpl 474 - Checking 0 named HQL queries
11:00:49.097 [main] DEBUG o.h.impl.SessionFactoryImpl 494 - Checking 0 named SQL queries
11:04:20.540 [main] DEBUG o.a.ibatis.logging.LogFactory 28 - Logging initialized using 'org.apache.ibatis.logging.slf4j.Slf4jImpl' adapter.
11:04:20.604 [main] DEBUG o.m.s.SqlSessionFactoryBean 28 - Property 'configLocation' not specified, using default MyBatis Configuration
11:04:20.637 [main] DEBUG o.a.ibatis.io.ResolverUtil 28 - Listing classes in file:/E:/spring/spring-deep-study/build/classes/com/model
11:04:20.638 [main] DEBUG o.a.ibatis.io.ResolverUtil 28 - Find JAR URL: file:/E:/spring/spring-deep-study/build/classes/com/model
11:04:20.638 [main] DEBUG o.a.ibatis.io.ResolverUtil 28 - Not a JAR: file:/E:/spring/spring-deep-study/build/classes/com/model
11:04:20.729 [main] DEBUG o.a.ibatis.io.ResolverUtil 28 - Reader entry: CloneAbleEntity.class
11:04:20.729 [main] DEBUG o.a.ibatis.io.ResolverUtil 28 - Reader entry: Ship.class
11:04:20.730 [main] DEBUG o.a.ibatis.io.ResolverUtil 28 - Reader entry: TbHandler.class
11:04:20.730 [main] DEBUG o.a.ibatis.io.ResolverUtil 28 - Reader entry: Test.class
11:04:20.730 [main] DEBUG o.a.ibatis.io.ResolverUtil 28 - Found class file: com/model/CloneAbleEntity.class
11:04:20.730 [main] DEBUG o.a.ibatis.io.ResolverUtil 28 - Found class file: com/model/Ship.class
11:04:20.730 [main] DEBUG o.a.ibatis.io.ResolverUtil 28 - Found class file: com/model/TbHandler.class
11:04:20.731 [main] DEBUG o.a.ibatis.io.ResolverUtil 28 - Found class file: com/model/Test.class
11:04:20.731 [main] DEBUG o.a.ibatis.io.ResolverUtil 28 - Checking to see if class com.model.CloneAbleEntity matches criteria [is assignable to Object]
11:04:20.732 [main] DEBUG o.a.ibatis.io.ResolverUtil 28 - Checking to see if class com.model.Ship matches criteria [is assignable to Object]
11:04:20.732 [main] DEBUG o.a.ibatis.io.ResolverUtil 28 - Checking to see if class com.model.TbHandler matches criteria [is assignable to Object]
11:04:20.732 [main] DEBUG o.a.ibatis.io.ResolverUtil 28 - Checking to see if class com.model.Test matches criteria [is assignable to Object]
11:04:20.733 [main] DEBUG o.m.s.SqlSessionFactoryBean 28 - Scanned package: 'com.model' for aliases
11:04:20.850 [main] DEBUG o.m.s.SqlSessionFactoryBean 28 - Parsed mapper file: 'file [E:\spring\spring-deep-study\build\classes\com\spring\mybatis\dao\mapper\ShipMapper.xml]'
11:04:20.962 [main] INFO  o.h.cfg.annotations.Version 15 - Hibernate Annotations 3.4.0.GA
11:04:20.975 [main] INFO  org.hibernate.cfg.Environment 560 - Hibernate 3.3.2.GA
11:04:20.977 [main] INFO  org.hibernate.cfg.Environment 593 - hibernate.properties not found
11:04:20.982 [main] INFO  org.hibernate.cfg.Environment 771 - Bytecode provider name : javassist
11:04:20.985 [main] INFO  org.hibernate.cfg.Environment 652 - using JDK 1.4 java.sql.Timestamp handling
11:04:21.035 [main] INFO  o.h.annotations.common.Version 14 - Hibernate Commons Annotations 3.1.0.GA
11:04:21.062 [main] DEBUG o.h.util.DTDEntityResolver 64 - trying to resolve system-id [http://hibernate.sourceforge.net/hibernate-mapping-3.0.dtd]
11:04:21.063 [main] DEBUG o.h.util.DTDEntityResolver 66 - recognized hibernate namespace; attempting to resolve on classpath under org/hibernate/
11:04:21.064 [main] DEBUG o.h.util.DTDEntityResolver 76 - located [http://hibernate.sourceforge.net/hibernate-mapping-3.0.dtd] in classpath
11:04:21.107 [main] DEBUG o.h.c.AnnotationConfiguration 258 - Execute first pass mapping processing
11:04:21.128 [main] DEBUG o.h.c.AnnotationConfiguration 529 - Process hbm files
11:04:21.142 [main] INFO  org.hibernate.cfg.HbmBinder 322 - Mapping class: com.spring.hibernate.entity.Ship -> tb_ship_cop
11:04:21.146 [main] DEBUG org.hibernate.cfg.HbmBinder 1289 - Mapped property: id -> id
11:04:21.152 [main] DEBUG org.hibernate.cfg.HbmBinder 1289 - Mapped property: name -> name
11:04:21.153 [main] DEBUG org.hibernate.cfg.HbmBinder 1289 - Mapped property: create -> createTime
11:04:21.153 [main] DEBUG o.h.c.AnnotationConfiguration 537 - Process annotated classes
11:04:21.153 [main] DEBUG o.h.c.AnnotationConfiguration 401 - processing fk mappings (*ToOne and JoinedSubclass)
11:04:21.154 [main] DEBUG o.hibernate.cfg.Configuration 1167 - processing extends queue
11:04:21.154 [main] DEBUG o.hibernate.cfg.Configuration 1171 - processing collection mappings
11:04:21.155 [main] DEBUG o.hibernate.cfg.Configuration 1182 - processing native query and ResultSetMapping mappings
11:04:21.155 [main] DEBUG o.hibernate.cfg.Configuration 1190 - processing association property references
11:04:21.155 [main] DEBUG o.hibernate.cfg.Configuration 1212 - processing foreign key constraints
11:04:21.161 [main] INFO  o.h.c.AnnotationConfiguration 369 - Hibernate Validator not found: ignoring
11:04:21.163 [main] DEBUG o.h.c.AnnotationConfiguration 806 - Validator not present in classpath, ignoring event listener registration
11:04:21.166 [main] DEBUG o.h.c.s.HibernateSearchEventListenerRegister 209 - Search not present in classpath, ignoring event listener registration.
11:04:21.166 [main] INFO  o.h.c.s.HibernateSearchEventListenerRegister 53 - Unable to find org.hibernate.search.event.FullTextIndexEventListener on the classpath. Hibernate Search is not enabled.
11:04:21.167 [main] DEBUG o.hibernate.cfg.Configuration 1332 - Preparing to build session factory with filters : {}
11:04:21.167 [main] DEBUG o.h.c.AnnotationConfiguration 258 - Execute first pass mapping processing
11:04:21.167 [main] DEBUG o.h.c.AnnotationConfiguration 529 - Process hbm files
11:04:21.167 [main] DEBUG o.h.c.AnnotationConfiguration 537 - Process annotated classes
11:04:21.168 [main] DEBUG o.h.c.AnnotationConfiguration 401 - processing fk mappings (*ToOne and JoinedSubclass)
11:04:21.168 [main] DEBUG o.hibernate.cfg.Configuration 1167 - processing extends queue
11:04:21.168 [main] DEBUG o.hibernate.cfg.Configuration 1171 - processing collection mappings
11:04:21.168 [main] DEBUG o.hibernate.cfg.Configuration 1182 - processing native query and ResultSetMapping mappings
11:04:21.168 [main] DEBUG o.hibernate.cfg.Configuration 1190 - processing association property references
11:04:21.169 [main] DEBUG o.hibernate.cfg.Configuration 1212 - processing foreign key constraints
11:04:21.214 [main] INFO  o.h.c.ConnectionProviderFactory 95 - Initializing connection provider: org.springframework.orm.hibernate3.LocalDataSourceConnectionProvider
11:04:21.380 [main] INFO  o.h.cfg.SettingsFactory 114 - RDBMS: MySQL, version: 5.6.14
11:04:21.380 [main] INFO  o.h.cfg.SettingsFactory 115 - JDBC driver: MySQL-AB JDBC Driver, version: mysql-connector-java-5.0.8 ( Revision: ${svn.Revision} )
11:04:21.397 [main] INFO  org.hibernate.dialect.Dialect 175 - Using dialect: org.hibernate.dialect.MySQLDialect
11:04:21.400 [main] INFO  o.h.t.TransactionFactoryFactory 62 - Transaction strategy: org.springframework.orm.hibernate3.SpringTransactionFactory
11:04:21.402 [main] INFO  o.h.t.TransactionManagerLookupFactory 80 - No TransactionManagerLookup configured (in JTA environment, use of read-write or transactional second-level cache is not recommended)
11:04:21.402 [main] INFO  o.h.cfg.SettingsFactory 161 - Automatic flush during beforeCompletion(): disabled
11:04:21.402 [main] INFO  o.h.cfg.SettingsFactory 165 - Automatic session close at end of transaction: disabled
11:04:21.403 [main] INFO  o.h.cfg.SettingsFactory 172 - JDBC batch size: 15
11:04:21.403 [main] INFO  o.h.cfg.SettingsFactory 175 - JDBC batch updates for versioned data: disabled
11:04:21.403 [main] INFO  o.h.cfg.SettingsFactory 180 - Scrollable result sets: enabled
11:04:21.404 [main] DEBUG o.h.cfg.SettingsFactory 184 - Wrap result sets: disabled
11:04:21.404 [main] INFO  o.h.cfg.SettingsFactory 188 - JDBC3 getGeneratedKeys(): enabled
11:04:21.404 [main] INFO  o.h.cfg.SettingsFactory 196 - Connection release mode: auto
11:04:21.405 [main] INFO  o.h.cfg.SettingsFactory 220 - Maximum outer join fetch depth: 2
11:04:21.405 [main] INFO  o.h.cfg.SettingsFactory 223 - Default batch fetch size: 1
11:04:21.405 [main] INFO  o.h.cfg.SettingsFactory 227 - Generate SQL with comments: disabled
11:04:21.406 [main] INFO  o.h.cfg.SettingsFactory 231 - Order SQL updates by primary key: disabled
11:04:21.406 [main] INFO  o.h.cfg.SettingsFactory 235 - Order SQL inserts for batching: disabled
11:04:21.406 [main] INFO  o.h.cfg.SettingsFactory 397 - Query translator: org.hibernate.hql.ast.ASTQueryTranslatorFactory
11:04:21.407 [main] INFO  o.h.h.a.ASTQueryTranslatorFactory 47 - Using ASTQueryTranslatorFactory
11:04:21.408 [main] INFO  o.h.cfg.SettingsFactory 243 - Query language substitutions: {}
11:04:21.408 [main] INFO  o.h.cfg.SettingsFactory 248 - JPA-QL strict compliance: disabled
11:04:21.408 [main] INFO  o.h.cfg.SettingsFactory 253 - Second-level cache: enabled
11:04:21.408 [main] INFO  o.h.cfg.SettingsFactory 257 - Query cache: disabled
11:04:21.409 [main] INFO  o.h.cfg.SettingsFactory 382 - Cache region factory : org.hibernate.cache.impl.NoCachingRegionFactory
11:04:21.409 [main] INFO  o.h.cfg.SettingsFactory 267 - Optimize cache for minimal puts: disabled
11:04:21.409 [main] INFO  o.h.cfg.SettingsFactory 276 - Structured second-level cache entries: disabled
11:04:21.410 [main] TRACE o.h.e.SQLExceptionConverterFactory 75 - Using dialect defined converter
11:04:21.412 [main] INFO  o.h.cfg.SettingsFactory 296 - Echoing all SQL to stdout
11:04:21.413 [main] INFO  o.h.cfg.SettingsFactory 305 - Statistics: disabled
11:04:21.413 [main] INFO  o.h.cfg.SettingsFactory 309 - Deleted entity synthetic identifier rollback: disabled
11:04:21.413 [main] INFO  o.h.cfg.SettingsFactory 324 - Default entity-mode: pojo
11:04:21.414 [main] INFO  o.h.cfg.SettingsFactory 328 - Named query checking : enabled
11:04:21.439 [main] INFO  o.h.impl.SessionFactoryImpl 193 - building session factory
11:04:21.440 [main] DEBUG o.h.impl.SessionFactoryImpl 211 - Session factory constructed with filter configurations : {}
11:04:21.440 [main] DEBUG o.h.impl.SessionFactoryImpl 215 - instantiating session factory with properties: {java.runtime.name=Java(TM) SE Runtime Environment, sun.boot.library.path=C:\Program Files\Java\jdk1.6.0_26\jre\bin, java.vm.version=20.1-b02, java.vm.vendor=Sun Microsystems Inc., java.vendor.url=http://java.sun.com/, path.separator=;, java.vm.name=Java HotSpot(TM) 64-Bit Server VM, file.encoding.pkg=sun.io, user.country=CN, sun.java.launcher=SUN_STANDARD, sun.os.patch.level=Service Pack 1, java.vm.specification.name=Java Virtual Machine Specification, user.dir=E:\spring\spring-deep-study, java.runtime.version=1.6.0_26-b03, java.awt.graphicsenv=sun.awt.Win32GraphicsEnvironment, hibernate.current_session_context_class=org.springframework.orm.hibernate3.SpringSessionContext, java.endorsed.dirs=C:\Program Files\Java\jdk1.6.0_26\jre\lib\endorsed, os.arch=amd64, java.io.tmpdir=C:\Users\ADMINI~1\AppData\Local\Temp\, line.separator=
, java.vm.specification.vendor=Sun Microsystems Inc., user.variant=, os.name=Windows 7, sun.jnu.encoding=GBK, java.library.path=C:\Program Files\Java\jdk1.6.0_26\bin;C:\Windows\Sun\Java\bin;C:\Windows\system32;C:\Windows;C:\Program Files\Broadcom\Broadcom 802.11 Network Adapter\Driver;C:\Windows\system32;C:\Windows;C:\Windows\System32\Wbem;C:\Windows\System32\WindowsPowerShell\v1.0\;C:\Program Files\Lenovo\Bluetooth Software\;C:\Program Files\Lenovo\Bluetooth Software\syswow64;C:\Program Files (x86)\Intel\OpenCL SDK\2.0\bin\x86;C:\Program Files (x86)\Intel\OpenCL SDK\2.0\bin\x64;C:\Program Files\TortoiseSVN\bin;C:\Program Files\TortoiseGit\bin;E:\apache-ant-1.9.1\bin;E:\tools\apache-maven-3.1.0-alpha-1-bin\apache-maven-3.1.0-alpha-1\bin;D:\gradle-1.7\bin;;., java.specification.name=Java Platform API Specification, java.class.version=50.0, sun.management.compiler=HotSpot 64-Bit Tiered Compilers, hibernate.transaction.factory_class=org.springframework.orm.hibernate3.SpringTransactionFactory, os.version=6.1, user.home=C:\Users\Administrator, user.timezone=Asia/Shanghai, java.awt.printerjob=sun.awt.windows.WPrinterJob, file.encoding=UTF-8, java.specification.version=1.6, java.class.path=E:\spring\spring-deep-study\build\classes;E:\spring\spring-deep-study\WebContent\WEB-INF\lib\activemq-core-5.7.0.jar;E:\spring\spring-deep-study\WebContent\WEB-INF\lib\activemq-pool-5.7.0.jar;E:\spring\spring-deep-study\WebContent\WEB-INF\lib\aopalliance.jar;E:\spring\spring-deep-study\WebContent\WEB-INF\lib\aspectj-1.7.3.jar;E:\spring\spring-deep-study\WebContent\WEB-INF\lib\aspectjweaver-1.7.1.jar;E:\spring\spring-deep-study\WebContent\WEB-INF\lib\cglib-nodep-2.1_3.jar;E:\spring\spring-deep-study\WebContent\WEB-INF\lib\commons-beanutils.jar;E:\spring\spring-deep-study\WebContent\WEB-INF\lib\commons-codec-1.6.jar;E:\spring\spring-deep-study\WebContent\WEB-INF\lib\commons-codec-1.8.jar;E:\spring\spring-deep-study\WebContent\WEB-INF\lib\commons-collections-3.1.jar;E:\spring\spring-deep-study\WebContent\WEB-INF\lib\commons-fileupload-1.2.2.jar;E:\spring\spring-deep-study\WebContent\WEB-INF\lib\commons-io-2.0.1.jar;E:\spring\spring-deep-study\WebContent\WEB-INF\lib\commons-lang-2.4.jar;E:\spring\spring-deep-study\WebContent\WEB-INF\lib\commons-lang3-3.1.jar;E:\spring\spring-deep-study\WebContent\WEB-INF\lib\commons-logging-1.1.1.jar;E:\spring\spring-deep-study\WebContent\WEB-INF\lib\commons-pool-1.6.jar;E:\spring\spring-deep-study\WebContent\WEB-INF\lib\dom4j-1.6.1.jar;E:\spring\spring-deep-study\WebContent\WEB-INF\lib\easymock-3.1.jar;E:\spring\spring-deep-study\WebContent\WEB-INF\lib\ejb3-persistence.jar;E:\spring\spring-deep-study\WebContent\WEB-INF\lib\ezmorph-1.0.4.jar;E:\spring\spring-deep-study\WebContent\WEB-INF\lib\fastjson-1.1.9.jar;E:\spring\spring-deep-study\WebContent\WEB-INF\lib\fluent-hc-4.2.5.jar;E:\spring\spring-deep-study\WebContent\WEB-INF\lib\geronimo-j2ee-management_1.1_spec-1.0.1.jar;E:\spring\spring-deep-study\WebContent\WEB-INF\lib\geronimo-jms_1.1_spec-1.1.1.jar;E:\spring\spring-deep-study\WebContent\WEB-INF\lib\guava-13.0.1.jar;E:\spring\spring-deep-study\WebContent\WEB-INF\lib\hibernate-annotations.jar;E:\spring\spring-deep-study\WebContent\WEB-INF\lib\hibernate-commons-annotations.jar;E:\spring\spring-deep-study\WebContent\WEB-INF\lib\hibernate3.jar;E:\spring\spring-deep-study\WebContent\WEB-INF\lib\httpclient-4.2.5.jar;E:\spring\spring-deep-study\WebContent\WEB-INF\lib\httpclient-cache-4.2.5.jar;E:\spring\spring-deep-study\WebContent\WEB-INF\lib\httpcore-4.2.4.jar;E:\spring\spring-deep-study\WebContent\WEB-INF\lib\httpmime-4.2.5.jar;E:\spring\spring-deep-study\WebContent\WEB-INF\lib\jackson-core-asl-1.5.3.jar;E:\spring\spring-deep-study\WebContent\WEB-INF\lib\jackson-mapper-asl-1.5.3.jar;E:\spring\spring-deep-study\WebContent\WEB-INF\lib\javaee.jar;E:\spring\spring-deep-study\WebContent\WEB-INF\lib\javassist-3.11.0.GA.jar;E:\spring\spring-deep-study\WebContent\WEB-INF\lib\jedis-2.1.0.jar;E:\spring\spring-deep-study\WebContent\WEB-INF\lib\jsoup-1.5.2.jar;E:\spring\spring-deep-study\WebContent\WEB-INF\lib\jstl-api-1.2.jar;E:\spring\spring-deep-study\WebContent\WEB-INF\lib\jstl-impl-1.2.jar;E:\spring\spring-deep-study\WebContent\WEB-INF\lib\jstl.jar;E:\spring\spring-deep-study\WebContent\WEB-INF\lib\jta-1.1.jar;E:\spring\spring-deep-study\WebContent\WEB-INF\lib\jtds-1.2.2.jar;E:\spring\spring-deep-study\WebContent\WEB-INF\lib\jxl.jar;E:\spring\spring-deep-study\WebContent\WEB-INF\lib\logback-classic-0.9.24.jar;E:\spring\spring-deep-study\WebContent\WEB-INF\lib\logback-core-0.9.24.jar;E:\spring\spring-deep-study\WebContent\WEB-INF\lib\mongo-2.7.3.jar;E:\spring\spring-deep-study\WebContent\WEB-INF\lib\mybatis-3.0.5.jar;E:\spring\spring-deep-study\WebContent\WEB-INF\lib\mybatis-generator-core-1.3.1.jar;E:\spring\spring-deep-study\WebContent\WEB-INF\lib\mybatis-spring-1.0.1.jar;E:\spring\spring-deep-study\WebContent\WEB-INF\lib\mysql-connector-java-5.0.8-bin.jar;E:\spring\spring-deep-study\WebContent\WEB-INF\lib\org.springframework.aop-3.1.0.RELEASE.jar;E:\spring\spring-deep-study\WebContent\WEB-INF\lib\org.springframework.asm-3.1.0.RELEASE.jar;E:\spring\spring-deep-study\WebContent\WEB-INF\lib\org.springframework.aspects-3.1.0.RELEASE.jar;E:\spring\spring-deep-study\WebContent\WEB-INF\lib\org.springframework.beans-3.1.0.RELEASE.jar;E:\spring\spring-deep-study\WebContent\WEB-INF\lib\org.springframework.context-3.1.0.RELEASE.jar;E:\spring\spring-deep-study\WebContent\WEB-INF\lib\org.springframework.context.support-3.1.0.RELEASE.jar;E:\spring\spring-deep-study\WebContent\WEB-INF\lib\org.springframework.core-3.1.0.RELEASE.jar;E:\spring\spring-deep-study\WebContent\WEB-INF\lib\org.springframework.expression-3.1.0.RELEASE.jar;E:\spring\spring-deep-study\WebContent\WEB-INF\lib\org.springframework.jdbc-3.1.0.RELEASE.jar;E:\spring\spring-deep-study\WebContent\WEB-INF\lib\org.springframework.jms-3.1.0.RELEASE.jar;E:\spring\spring-deep-study\WebContent\WEB-INF\lib\org.springframework.orm-3.1.0.RELEASE.jar;E:\spring\spring-deep-study\WebContent\WEB-INF\lib\org.springframework.oxm-3.1.0.RELEASE.jar;E:\spring\spring-deep-study\WebContent\WEB-INF\lib\org.springframework.transaction-3.1.0.RELEASE.jar;E:\spring\spring-deep-study\WebContent\WEB-INF\lib\org.springframework.web-3.1.0.RELEASE.jar;E:\spring\spring-deep-study\WebContent\WEB-INF\lib\org.springframework.web.portlet-3.1.0.RELEASE.jar;E:\spring\spring-deep-study\WebContent\WEB-INF\lib\org.springframework.web.servlet-3.1.0.RELEASE.jar;E:\spring\spring-deep-study\WebContent\WEB-INF\lib\servlet-api.jar;E:\spring\spring-deep-study\WebContent\WEB-INF\lib\slf4j-api-1.6.1.jar;E:\spring\spring-deep-study\WebContent\WEB-INF\lib\spring-aop-1.2.6.jar;E:\spring\spring-deep-study\WebContent\WEB-INF\lib\spring-data-commons-core-1.2.1.RELEASE.jar;E:\spring\spring-deep-study\WebContent\WEB-INF\lib\spring-data-mongodb-1.0.1.RELEASE.jar;E:\spring\spring-deep-study\WebContent\WEB-INF\lib\spring-data-redis-1.0.2.RELEASE.jar;E:\spring\spring-deep-study\WebContent\WEB-INF\lib\spring-security-acl-3.1.4.RELEASE.jar;E:\spring\spring-deep-study\WebContent\WEB-INF\lib\spring-security-aspects-3.1.4.RELEASE.jar;E:\spring\spring-deep-study\WebContent\WEB-INF\lib\spring-security-cas-3.1.4.RELEASE.jar;E:\spring\spring-deep-study\WebContent\WEB-INF\lib\spring-security-config-3.1.4.RELEASE.jar;E:\spring\spring-deep-study\WebContent\WEB-INF\lib\spring-security-core-3.1.4.RELEASE.jar;E:\spring\spring-deep-study\WebContent\WEB-INF\lib\spring-security-crypto-3.1.4.RELEASE.jar;E:\spring\spring-deep-study\WebContent\WEB-INF\lib\spring-security-ldap-3.1.4.RELEASE.jar;E:\spring\spring-deep-study\WebContent\WEB-INF\lib\spring-security-openid-3.1.4.RELEASE.jar;E:\spring\spring-deep-study\WebContent\WEB-INF\lib\spring-security-remoting-3.1.4.RELEASE.jar;E:\spring\spring-deep-study\WebContent\WEB-INF\lib\spring-security-taglibs-3.1.4.RELEASE.jar;E:\spring\spring-deep-study\WebContent\WEB-INF\lib\spring-security-web-3.1.4.RELEASE.jar;E:\spring\spring-deep-study\WebContent\WEB-INF\lib\spymemcached-2.8.4.jar;E:\spring\spring-deep-study\WebContent\WEB-INF\lib\standard.jar, user.name=Administrator, hibernate.bytecode.use_reflection_optimizer=false, hibernate.show_sql=true, java.vm.specification.version=1.0, sun.arch.data.model=64, java.home=C:\Program Files\Java\jdk1.6.0_26\jre, sun.java.command=com.spring.spring.TestSping, hibernate.dialect=org.hibernate.dialect.MySQLDialect, java.specification.vendor=Sun Microsystems Inc., user.language=zh, awt.toolkit=sun.awt.windows.WToolkit, java.vm.info=mixed mode, java.version=1.6.0_26, java.ext.dirs=C:\Program Files\Java\jdk1.6.0_26\jre\lib\ext;C:\Windows\Sun\Java\lib\ext, sun.boot.class.path=C:\Program Files\Java\jdk1.6.0_26\jre\lib\resources.jar;C:\Program Files\Java\jdk1.6.0_26\jre\lib\rt.jar;C:\Program Files\Java\jdk1.6.0_26\jre\lib\sunrsasign.jar;C:\Program Files\Java\jdk1.6.0_26\jre\lib\jsse.jar;C:\Program Files\Java\jdk1.6.0_26\jre\lib\jce.jar;C:\Program Files\Java\jdk1.6.0_26\jre\lib\charsets.jar;C:\Program Files\Java\jdk1.6.0_26\jre\lib\modules\jdk.boot.jar;C:\Program Files\Java\jdk1.6.0_26\jre\classes, java.vendor=Sun Microsystems Inc., file.separator=\, java.vendor.url.bug=http://java.sun.com/cgi-bin/bugreport.cgi, hibernate.connection.provider_class=org.springframework.orm.hibernate3.LocalDataSourceConnectionProvider, sun.cpu.endian=little, sun.io.unicode.encoding=UnicodeLittle, sun.desktop=windows, sun.cpu.isalist=amd64}
11:04:21.581 [main] DEBUG o.h.p.e.AbstractEntityPersister 2756 - Static SQL for entity: com.spring.hibernate.entity.Ship
11:04:21.584 [main] DEBUG o.h.p.e.AbstractEntityPersister 2761 -  Version select: select id from tb_ship_cop where id =?
11:04:21.585 [main] DEBUG o.h.p.e.AbstractEntityPersister 2764 -  Snapshot select: select ship_.id, ship_.name as name0_, ship_.createTime as createTime0_ from tb_ship_cop ship_ where ship_.id=?
11:04:21.586 [main] DEBUG o.h.p.e.AbstractEntityPersister 2767 -  Insert 0: insert into tb_ship_cop (name, createTime, id) values (?, ?, ?)
11:04:21.586 [main] DEBUG o.h.p.e.AbstractEntityPersister 2768 -  Update 0: update tb_ship_cop set name=?, createTime=? where id=?
11:04:21.586 [main] DEBUG o.h.p.e.AbstractEntityPersister 2769 -  Delete 0: delete from tb_ship_cop where id=?
11:04:21.602 [main] DEBUG o.h.loader.entity.EntityLoader 102 - Static select for entity com.spring.hibernate.entity.Ship: select ship0_.id as id0_0_, ship0_.name as name0_0_, ship0_.createTime as createTime0_0_ from tb_ship_cop ship0_ where ship0_.id=?
11:04:21.602 [main] DEBUG o.h.loader.entity.EntityLoader 102 - Static select for entity com.spring.hibernate.entity.Ship: select ship0_.id as id0_0_, ship0_.name as name0_0_, ship0_.createTime as createTime0_0_ from tb_ship_cop ship0_ where ship0_.id=?
11:04:21.603 [main] DEBUG o.h.loader.entity.EntityLoader 102 - Static select for entity com.spring.hibernate.entity.Ship: select ship0_.id as id0_0_, ship0_.name as name0_0_, ship0_.createTime as createTime0_0_ from tb_ship_cop ship0_ where ship0_.id=? for update
11:04:21.603 [main] DEBUG o.h.loader.entity.EntityLoader 102 - Static select for entity com.spring.hibernate.entity.Ship: select ship0_.id as id0_0_, ship0_.name as name0_0_, ship0_.createTime as createTime0_0_ from tb_ship_cop ship0_ where ship0_.id=? for update
11:04:21.604 [main] DEBUG o.h.loader.entity.EntityLoader 102 - Static select for entity com.spring.hibernate.entity.Ship: select ship0_.id as id0_0_, ship0_.name as name0_0_, ship0_.createTime as createTime0_0_ from tb_ship_cop ship0_ where ship0_.id=? for update
11:04:21.611 [main] DEBUG o.h.loader.entity.EntityLoader 57 - Static select for action ACTION_MERGE on entity com.spring.hibernate.entity.Ship: select ship0_.id as id0_0_, ship0_.name as name0_0_, ship0_.createTime as createTime0_0_ from tb_ship_cop ship0_ where ship0_.id=?
11:04:21.612 [main] DEBUG o.h.loader.entity.EntityLoader 57 - Static select for action ACTION_REFRESH on entity com.spring.hibernate.entity.Ship: select ship0_.id as id0_0_, ship0_.name as name0_0_, ship0_.createTime as createTime0_0_ from tb_ship_cop ship0_ where ship0_.id=?
11:04:21.614 [main] DEBUG o.h.i.SessionFactoryObjectFactory 62 - initializing class SessionFactoryObjectFactory
11:04:21.615 [main] DEBUG o.h.i.SessionFactoryObjectFactory 99 - registered: 402882354303a944014303a9456d0000 (unnamed)
11:04:21.615 [main] INFO  o.h.i.SessionFactoryObjectFactory 105 - Not binding factory to JNDI, no JNDI name configured
11:04:21.616 [main] DEBUG o.h.impl.SessionFactoryImpl 350 - instantiated session factory
11:04:21.616 [main] DEBUG o.h.impl.SessionFactoryImpl 474 - Checking 0 named HQL queries
11:04:21.616 [main] DEBUG o.h.impl.SessionFactoryImpl 494 - Checking 0 named SQL queries
